#
# There is insufficient memory for the Java Runtime Environment to continue.
# Native memory allocation (malloc) failed to allocate 350336 bytes for Chunk::new
# Possible reasons:
#   The system is out of physical RAM or swap space
#   In 32 bit mode, the process size limit was hit
# Possible solutions:
#   Reduce memory load on the system
#   Increase physical memory or swap space
#   Check if swap backing store is full
#   Use 64 bit Java on a 64 bit OS
#   Decrease Java heap size (-Xmx/-Xms)
#   Decrease number of Java threads
#   Decrease Java thread stack sizes (-Xss)
#   Set larger code cache with -XX:ReservedCodeCacheSize=
# This output file may be truncated or incomplete.
#
#  Out of Memory Error (allocation.cpp:390), pid=7112, tid=0x0000000000000f48
#
# JRE version: Java(TM) SE Runtime Environment (8.0_161-b12) (build 1.8.0_161-b12)
# Java VM: Java HotSpot(TM) 64-Bit Server VM (25.161-b12 mixed mode windows-amd64 compressed oops)
# Failed to write core dump. Minidumps are not enabled by default on client versions of Windows
#

---------------  T H R E A D  ---------------

Current thread (0x0000000017d75000):  JavaThread "C2 CompilerThread1" daemon [_thread_in_native, id=3912, stack(0x00000000194f0000,0x00000000195f0000)]

Stack: [0x00000000194f0000,0x00000000195f0000]
[error occurred during error reporting (printing stack bounds), id 0xc0000005]

Native frames: (J=compiled Java code, j=interpreted, Vv=VM code, C=native code)


Current CompileTask:
C2:  41391 11955       4       org.gradle.internal.classloader.FilteringClassLoader::classAllowed (116 bytes)


---------------  P R O C E S S  ---------------

Java Threads: ( => current thread )
  0x0000000019ef3800 JavaThread "Device List Monitor" [_thread_in_native, id=120, stack(0x0000000024220000,0x0000000024320000)]
  0x0000000019ef4800 JavaThread "Monitor" [_thread_in_native, id=4680, stack(0x0000000023e20000,0x0000000023f20000)]
  0x0000000019eef800 JavaThread "File lock request listener" [_thread_in_native, id=1252, stack(0x000000001f970000,0x000000001fa70000)]
  0x0000000019ef1000 JavaThread "pool-1-thread-1" [_thread_blocked, id=4452, stack(0x000000001ba00000,0x000000001bb00000)]
  0x0000000017dce000 JavaThread "Service Thread" daemon [_thread_blocked, id=3212, stack(0x0000000019af0000,0x0000000019bf0000)]
  0x0000000017d85800 JavaThread "C1 CompilerThread2" daemon [_thread_blocked, id=1420, stack(0x00000000195f0000,0x00000000196f0000)]
=>0x0000000017d75000 JavaThread "C2 CompilerThread1" daemon [_thread_in_native, id=3912, stack(0x00000000194f0000,0x00000000195f0000)]
  0x0000000017d6f800 JavaThread "C2 CompilerThread0" daemon [_thread_blocked, id=5760, stack(0x00000000193f0000,0x00000000194f0000)]
  0x0000000017d6d800 JavaThread "Attach Listener" daemon [_thread_blocked, id=10504, stack(0x00000000192f0000,0x00000000193f0000)]
  0x0000000017d6c800 JavaThread "Signal Dispatcher" daemon [_thread_blocked, id=4868, stack(0x00000000191f0000,0x00000000192f0000)]
  0x0000000017d5a800 JavaThread "Finalizer" daemon [_thread_blocked, id=5932, stack(0x0000000019000000,0x0000000019100000)]
  0x0000000017d39000 JavaThread "Reference Handler" daemon [_thread_blocked, id=5968, stack(0x0000000018f00000,0x0000000019000000)]
  0x00000000030d2800 JavaThread "main" [_thread_in_vm, id=10484, stack(0x0000000002fd0000,0x00000000030d0000)]

Other Threads:
  0x0000000017d37800 VMThread [stack: 0x0000000018e00000,0x0000000018f00000] [id=6252]
  0x000000001973e000 WatcherThread [stack: 0x0000000019bf0000,0x0000000019cf0000] [id=1124]

VM state:not at safepoint (normal execution)

VM Mutex/Monitor currently owned by a thread: None

Heap:
 PSYoungGen      total 369664K, used 65601K [0x00000000d5a00000, 0x00000000edf80000, 0x0000000100000000)
  eden space 340992K, 19% used [0x00000000d5a00000,0x00000000d9a10620,0x00000000ea700000)
  from space 28672K, 0% used [0x00000000ec200000,0x00000000ec200000,0x00000000ede00000)
  to   space 27648K, 0% used [0x00000000ea700000,0x00000000ea700000,0x00000000ec200000)
 ParOldGen       total 86016K, used 85939K [0x0000000080e00000, 0x0000000086200000, 0x00000000d5a00000)
  object space 86016K, 99% used [0x0000000080e00000,0x00000000861ecc80,0x0000000086200000)
 Metaspace       used 59355K, capacity 63488K, committed 63576K, reserved 1103872K
  class space    used 7979K, capacity 8980K, committed 9048K, reserved 1048576K

Card table byte_map: [0x0000000012590000,0x0000000012990000] byte_map_base: 0x0000000012189000

Marking Bits: (ParMarkBitMap*) 0x0000000065e0f860
 Begin Bits: [0x0000000013040000, 0x0000000015008000)
 End Bits:   [0x0000000015008000, 0x0000000016fd0000)

Polling page: 0x0000000001710000

CodeCache: size=245760Kb used=36692Kb max_used=37332Kb free=209067Kb
 bounds [0x00000000031d0000, 0x0000000005690000, 0x00000000121d0000]
 total_blobs=10811 nmethods=10039 adapters=681
 compilation: enabled

Compilation events (10 events):
Event: 41.282 Thread 0x0000000017d6f800 11952  s    4       java.io.BufferedOutputStream::write (67 bytes)
Event: 41.282 Thread 0x0000000017d85800 11951       3       com.google.common.io.CountingOutputStream::write (19 bytes)
Event: 41.282 Thread 0x0000000017d85800 nmethod 11951 0x00000000038a14d0 code [0x00000000038a1640, 0x00000000038a1888]
Event: 41.282 Thread 0x0000000017d75000 nmethod 11949 0x000000000389fe10 code [0x000000000389ff60, 0x00000000038a00b8]
Event: 41.282 Thread 0x0000000017d75000 11953       4       com.google.common.io.CountingOutputStream::write (22 bytes)
Event: 41.284 Thread 0x0000000017d6f800 nmethod 11952 0x00000000038a2010 code [0x00000000038a2180, 0x00000000038a2628]
Event: 41.286 Thread 0x0000000017d75000 nmethod 11953 0x000000000360d910 code [0x000000000360da80, 0x000000000360dfc8]
Event: 41.309 Thread 0x0000000017d6f800 11954       4       org.gradle.cache.internal.DefaultCacheAccess::access$400 (5 bytes)
Event: 41.312 Thread 0x0000000017d6f800 nmethod 11954 0x0000000003cb47d0 code [0x0000000003cb4940, 0x0000000003cb4ba8]
Event: 41.337 Thread 0x0000000017d75000 11955       4       org.gradle.internal.classloader.FilteringClassLoader::classAllowed (116 bytes)

GC Heap History (10 events):
Event: 24.501 GC heap before
{Heap before GC invocations=18 (full 4):
 PSYoungGen      total 369664K, used 340992K [0x00000000d5a00000, 0x00000000edf80000, 0x0000000100000000)
  eden space 340992K, 100% used [0x00000000d5a00000,0x00000000ea700000,0x00000000ea700000)
  from space 28672K, 0% used [0x00000000ec200000,0x00000000ec200000,0x00000000ede00000)
  to   space 27648K, 0% used [0x00000000ea700000,0x00000000ea700000,0x00000000ec200000)
 ParOldGen       total 86016K, used 82268K [0x0000000080e00000, 0x0000000086200000, 0x00000000d5a00000)
  object space 86016K, 95% used [0x0000000080e00000,0x0000000085e572e0,0x0000000086200000)
 Metaspace       used 56697K, capacity 60420K, committed 60632K, reserved 1101824K
  class space    used 7643K, capacity 8620K, committed 8664K, reserved 1048576K
Event: 25.007 GC heap after
Heap after GC invocations=18 (full 4):
 PSYoungGen      total 369664K, used 5012K [0x00000000d5a00000, 0x00000000edf80000, 0x0000000100000000)
  eden space 340992K, 1% used [0x00000000d5a00000,0x00000000d5ee5120,0x00000000ea700000)
  from space 28672K, 0% used [0x00000000ec200000,0x00000000ec200000,0x00000000ede00000)
  to   space 27648K, 0% used [0x00000000ea700000,0x00000000ea700000,0x00000000ec200000)
 ParOldGen       total 86016K, used 85997K [0x0000000080e00000, 0x0000000086200000, 0x00000000d5a00000)
  object space 86016K, 99% used [0x0000000080e00000,0x00000000861fb5c8,0x0000000086200000)
 Metaspace       used 56697K, capacity 60420K, committed 60632K, reserved 1101824K
  class space    used 7643K, capacity 8620K, committed 8664K, reserved 1048576K
}
Event: 27.432 GC heap before
{Heap before GC invocations=19 (full 5):
 PSYoungGen      total 369664K, used 340992K [0x00000000d5a00000, 0x00000000edf80000, 0x0000000100000000)
  eden space 340992K, 100% used [0x00000000d5a00000,0x00000000ea700000,0x00000000ea700000)
  from space 28672K, 0% used [0x00000000ec200000,0x00000000ec200000,0x00000000ede00000)
  to   space 27648K, 0% used [0x00000000ea700000,0x00000000ea700000,0x00000000ec200000)
 ParOldGen       total 86016K, used 85997K [0x0000000080e00000, 0x0000000086200000, 0x00000000d5a00000)
  object space 86016K, 99% used [0x0000000080e00000,0x00000000861fb5c8,0x0000000086200000)
 Metaspace       used 56947K, capacity 60800K, committed 60888K, reserved 1101824K
  class space    used 7668K, capacity 8662K, committed 8664K, reserved 1048576K
Event: 27.660 GC heap after
Heap after GC invocations=19 (full 5):
 PSYoungGen      total 369664K, used 4743K [0x00000000d5a00000, 0x00000000edf80000, 0x0000000100000000)
  eden space 340992K, 1% used [0x00000000d5a00000,0x00000000d5ea1d00,0x00000000ea700000)
  from space 28672K, 0% used [0x00000000ec200000,0x00000000ec200000,0x00000000ede00000)
  to   space 27648K, 0% used [0x00000000ea700000,0x00000000ea700000,0x00000000ec200000)
 ParOldGen       total 86016K, used 85998K [0x0000000080e00000, 0x0000000086200000, 0x00000000d5a00000)
  object space 86016K, 99% used [0x0000000080e00000,0x00000000861fb9b8,0x0000000086200000)
 Metaspace       used 56947K, capacity 60800K, committed 60888K, reserved 1101824K
  class space    used 7668K, capacity 8662K, committed 8664K, reserved 1048576K
}
Event: 29.776 GC heap before
{Heap before GC invocations=20 (full 6):
 PSYoungGen      total 369664K, used 340992K [0x00000000d5a00000, 0x00000000edf80000, 0x0000000100000000)
  eden space 340992K, 100% used [0x00000000d5a00000,0x00000000ea700000,0x00000000ea700000)
  from space 28672K, 0% used [0x00000000ec200000,0x00000000ec200000,0x00000000ede00000)
  to   space 27648K, 0% used [0x00000000ea700000,0x00000000ea700000,0x00000000ec200000)
 ParOldGen       total 86016K, used 85998K [0x0000000080e00000, 0x0000000086200000, 0x00000000d5a00000)
  object space 86016K, 99% used [0x0000000080e00000,0x00000000861fb9b8,0x0000000086200000)
 Metaspace       used 57226K, capacity 61330K, committed 61528K, reserved 1101824K
  class space    used 7705K, capacity 8729K, committed 8792K, reserved 1048576K
Event: 29.906 GC heap after
Heap after GC invocations=20 (full 6):
 PSYoungGen      total 369664K, used 4681K [0x00000000d5a00000, 0x00000000edf80000, 0x0000000100000000)
  eden space 340992K, 1% used [0x00000000d5a00000,0x00000000d5e92550,0x00000000ea700000)
  from space 28672K, 0% used [0x00000000ec200000,0x00000000ec200000,0x00000000ede00000)
  to   space 27648K, 0% used [0x00000000ea700000,0x00000000ea700000,0x00000000ec200000)
 ParOldGen       total 86016K, used 85962K [0x0000000080e00000, 0x0000000086200000, 0x00000000d5a00000)
  object space 86016K, 99% used [0x0000000080e00000,0x00000000861f28b8,0x0000000086200000)
 Metaspace       used 57226K, capacity 61330K, committed 61528K, reserved 1101824K
  class space    used 7705K, capacity 8729K, committed 8792K, reserved 1048576K
}
Event: 31.905 GC heap before
{Heap before GC invocations=21 (full 7):
 PSYoungGen      total 369664K, used 340992K [0x00000000d5a00000, 0x00000000edf80000, 0x0000000100000000)
  eden space 340992K, 100% used [0x00000000d5a00000,0x00000000ea700000,0x00000000ea700000)
  from space 28672K, 0% used [0x00000000ec200000,0x00000000ec200000,0x00000000ede00000)
  to   space 27648K, 0% used [0x00000000ea700000,0x00000000ea700000,0x00000000ec200000)
 ParOldGen       total 86016K, used 85962K [0x0000000080e00000, 0x0000000086200000, 0x00000000d5a00000)
  object space 86016K, 99% used [0x0000000080e00000,0x00000000861f28b8,0x0000000086200000)
 Metaspace       used 57627K, capacity 61738K, committed 61784K, reserved 1101824K
  class space    used 7779K, capacity 8783K, committed 8792K, reserved 1048576K
Event: 32.205 GC heap after
Heap after GC invocations=21 (full 7):
 PSYoungGen      total 369664K, used 4786K [0x00000000d5a00000, 0x00000000edf80000, 0x0000000100000000)
  eden space 340992K, 1% used [0x00000000d5a00000,0x00000000d5eac898,0x00000000ea700000)
  from space 28672K, 0% used [0x00000000ec200000,0x00000000ec200000,0x00000000ede00000)
  to   space 27648K, 0% used [0x00000000ea700000,0x00000000ea700000,0x00000000ec200000)
 ParOldGen       total 86016K, used 85947K [0x0000000080e00000, 0x0000000086200000, 0x00000000d5a00000)
  object space 86016K, 99% used [0x0000000080e00000,0x00000000861eece0,0x0000000086200000)
 Metaspace       used 57627K, capacity 61738K, committed 61784K, reserved 1101824K
  class space    used 7779K, capacity 8783K, committed 8792K, reserved 1048576K
}
Event: 33.818 GC heap before
{Heap before GC invocations=22 (full 8):
 PSYoungGen      total 369664K, used 340992K [0x00000000d5a00000, 0x00000000edf80000, 0x0000000100000000)
  eden space 340992K, 100% used [0x00000000d5a00000,0x00000000ea700000,0x00000000ea700000)
  from space 28672K, 0% used [0x00000000ec200000,0x00000000ec200000,0x00000000ede00000)
  to   space 27648K, 0% used [0x00000000ea700000,0x00000000ea700000,0x00000000ec200000)
 ParOldGen       total 86016K, used 85947K [0x0000000080e00000, 0x0000000086200000, 0x00000000d5a00000)
  object space 86016K, 99% used [0x0000000080e00000,0x00000000861eece0,0x0000000086200000)
 Metaspace       used 57646K, capacity 61804K, committed 62040K, reserved 1101824K
  class space    used 7780K, capacity 8784K, committed 8792K, reserved 1048576K
Event: 33.950 GC heap after
Heap after GC invocations=22 (full 8):
 PSYoungGen      total 369664K, used 5154K [0x00000000d5a00000, 0x00000000edf80000, 0x0000000100000000)
  eden space 340992K, 1% used [0x00000000d5a00000,0x00000000d5f08980,0x00000000ea700000)
  from space 28672K, 0% used [0x00000000ec200000,0x00000000ec200000,0x00000000ede00000)
  to   space 27648K, 0% used [0x00000000ea700000,0x00000000ea700000,0x00000000ec200000)
 ParOldGen       total 86016K, used 85939K [0x0000000080e00000, 0x0000000086200000, 0x00000000d5a00000)
  object space 86016K, 99% used [0x0000000080e00000,0x00000000861ecc80,0x0000000086200000)
 Metaspace       used 57646K, capacity 61804K, committed 62040K, reserved 1101824K
  class space    used 7780K, capacity 8784K, committed 8792K, reserved 1048576K
}

Deoptimization events (10 events):
Event: 35.842 Thread 0x00000000030d2800 Uncommon trap: reason=unstable_if action=reinterpret pc=0x0000000004b37c88 method=sun.nio.ch.IOUtil.writeFromNativeBuffer(Ljava/io/FileDescriptor;Ljava/nio/ByteBuffer;JLsun/nio/ch/NativeDispatcher;)I @ 121
Event: 35.842 Thread 0x00000000030d2800 Uncommon trap: reason=unstable_if action=reinterpret pc=0x0000000003c583ac method=sun.nio.ch.IOUtil.writeFromNativeBuffer(Ljava/io/FileDescriptor;Ljava/nio/ByteBuffer;JLsun/nio/ch/NativeDispatcher;)I @ 121
Event: 35.843 Thread 0x00000000030d2800 Uncommon trap: reason=unstable_if action=reinterpret pc=0x0000000004eb5818 method=sun.nio.ch.IOUtil.writeFromNativeBuffer(Ljava/io/FileDescriptor;Ljava/nio/ByteBuffer;JLsun/nio/ch/NativeDispatcher;)I @ 121
Event: 35.879 Thread 0x00000000030d2800 Uncommon trap: reason=unstable_if action=reinterpret pc=0x0000000004eb5110 method=com.android.ddmlib.AdbHelper.executeRemoteCommand(Ljava/net/InetSocketAddress;Lcom/android/ddmlib/AdbHelper$AdbService;Ljava/lang/String;Lcom/android/ddmlib/IDevice;Lcom/and
Event: 36.257 Thread 0x00000000030d2800 Uncommon trap: reason=unstable_if action=reinterpret pc=0x0000000003c633f4 method=com.android.ddmlib.AdbHelper.executeRemoteCommand(Ljava/net/InetSocketAddress;Lcom/android/ddmlib/AdbHelper$AdbService;Ljava/lang/String;Lcom/android/ddmlib/IDevice;Lcom/and
Event: 41.278 Thread 0x00000000030d2800 Uncommon trap: reason=predicate action=maybe_recompile pc=0x0000000004ec2708 method=java.util.Collections.indexedBinarySearch(Ljava/util/List;Ljava/lang/Object;)I @ 16
Event: 41.310 Thread 0x00000000030d2800 Uncommon trap: reason=bimorphic action=maybe_recompile pc=0x000000000385771c method=org.gradle.internal.logging.text.AbstractLineChoppingStyledTextOutput.doAppend(Ljava/lang/String;)V @ 122
Event: 41.312 Thread 0x00000000030d2800 Uncommon trap: reason=bimorphic action=maybe_recompile pc=0x0000000003857728 method=org.gradle.internal.logging.text.AbstractLineChoppingStyledTextOutput.doAppend(Ljava/lang/String;)V @ 197
Event: 41.312 Thread 0x00000000030d2800 Uncommon trap: reason=bimorphic action=maybe_recompile pc=0x000000000385771c method=org.gradle.internal.logging.text.AbstractLineChoppingStyledTextOutput.doAppend(Ljava/lang/String;)V @ 122
Event: 41.312 Thread 0x00000000030d2800 Uncommon trap: reason=bimorphic action=maybe_recompile pc=0x000000000385771c method=org.gradle.internal.logging.text.AbstractLineChoppingStyledTextOutput.doAppend(Ljava/lang/String;)V @ 122

Classes redefined (0 events):
No events

Internal exceptions (10 events):
Event: 31.360 Thread 0x00000000030d2800 Exception <a 'java/lang/ClassNotFoundException': java/util/Collections$UnmodifiableMapCustomizer> (0x00000000e4c49300) thrown at [C:\re\workspace\8-2-build-windows-amd64-cygwin\jdk8u161\10277\hotspot\src\share\vm\classfile\systemDictionary.cpp, line 210]
Event: 31.367 Thread 0x00000000030d2800 Exception <a 'java/lang/ClassNotFoundException': ComputerIdentifierGeneratorBeanInfo> (0x00000000e4ce1a10) thrown at [C:\re\workspace\8-2-build-windows-amd64-cygwin\jdk8u161\10277\hotspot\src\share\vm\classfile\systemDictionary.cpp, line 210]
Event: 31.367 Thread 0x00000000030d2800 Exception <a 'java/lang/ClassNotFoundException': ComputerIdentifierGeneratorCustomizer> (0x00000000e4ce7f48) thrown at [C:\re\workspace\8-2-build-windows-amd64-cygwin\jdk8u161\10277\hotspot\src\share\vm\classfile\systemDictionary.cpp, line 210]
Event: 31.368 Thread 0x00000000030d2800 Exception <a 'java/lang/ClassNotFoundException': java/lang/RuntimeBeanInfo> (0x00000000e4d08628) thrown at [C:\re\workspace\8-2-build-windows-amd64-cygwin\jdk8u161\10277\hotspot\src\share\vm\classfile\systemDictionary.cpp, line 210]
Event: 31.368 Thread 0x00000000030d2800 Exception <a 'java/lang/ClassNotFoundException': java/lang/RuntimeCustomizer> (0x00000000e4d0c9d0) thrown at [C:\re\workspace\8-2-build-windows-amd64-cygwin\jdk8u161\10277\hotspot\src\share\vm\classfile\systemDictionary.cpp, line 210]
Event: 31.370 Thread 0x00000000030d2800 Exception <a 'java/lang/IllegalArgumentException': wrong number of arguments> (0x00000000e4d27a00) thrown at [C:\re\workspace\8-2-build-windows-amd64-cygwin\jdk8u161\10277\hotspot\src\share\vm\runtime\reflection.cpp, line 1028]
Event: 31.375 Thread 0x00000000030d2800 Exception <a 'java/lang/ClassNotFoundException': java/util/regex/MatcherBeanInfo> (0x00000000e4d73ed0) thrown at [C:\re\workspace\8-2-build-windows-amd64-cygwin\jdk8u161\10277\hotspot\src\share\vm\classfile\systemDictionary.cpp, line 210]
Event: 31.375 Thread 0x00000000030d2800 Exception <a 'java/lang/ClassNotFoundException': java/util/regex/MatcherCustomizer> (0x00000000e4d80700) thrown at [C:\re\workspace\8-2-build-windows-amd64-cygwin\jdk8u161\10277\hotspot\src\share\vm\classfile\systemDictionary.cpp, line 210]
Event: 31.538 Thread 0x00000000030d2800 Exception <a 'java/lang/ClassNotFoundException': org/gradle/process/internal/DefaultExecHandle$ExecResultImplBeanInfo> (0x00000000e51a8530) thrown at [C:\re\workspace\8-2-build-windows-amd64-cygwin\jdk8u161\10277\hotspot\src\share\vm\classfile\systemDicti
Event: 31.539 Thread 0x00000000030d2800 Exception <a 'java/lang/ClassNotFoundException': org/gradle/process/internal/DefaultExecHandle$ExecResultImplCustomizer> (0x00000000e51dbef8) thrown at [C:\re\workspace\8-2-build-windows-amd64-cygwin\jdk8u161\10277\hotspot\src\share\vm\classfile\systemDic

Events (10 events):
Event: 41.342 loading class com/google/wireless/android/sdk/stats/AndroidStudioStats$EmulatorDetails$EmulatorSessionPhase$1
Event: 41.342 loading class com/google/wireless/android/sdk/stats/AndroidStudioStats$EmulatorDetails$EmulatorSessionPhase$1 done
Event: 41.351 loading class com/google/wireless/android/sdk/stats/AndroidStudioStats$TestRun
Event: 41.351 loading class com/google/wireless/android/sdk/stats/AndroidStudioStats$TestRun done
Event: 41.352 loading class com/google/wireless/android/sdk/stats/AndroidStudioStats$TestLibrariesOrBuilder
Event: 41.352 loading class com/google/wireless/android/sdk/stats/AndroidStudioStats$TestLibrariesOrBuilder done
Event: 41.352 loading class com/google/wireless/android/sdk/stats/AndroidStudioStats$TestRun$1
Event: 41.352 loading class com/google/wireless/android/sdk/stats/AndroidStudioStats$TestRun$1 done
Event: 41.354 loading class com/google/wireless/android/sdk/stats/AndroidStudioStats$TestRun$TestInvocationType
Event: 41.354 loading class com/google/wireless/android/sdk/stats/AndroidStudioStats$TestRun$TestInvocationType done


Dynamic libraries:
0x00007ff7a45d0000 - 0x00007ff7a4607000 	C:\Program Files\Java\jdk1.8.0_161\bin\java.exe
0x00007ffdbb940000 - 0x00007ffdbbb21000 	C:\WINDOWS\SYSTEM32\ntdll.dll
0x00007ffdbab70000 - 0x00007ffdbac22000 	C:\WINDOWS\System32\KERNEL32.DLL
0x00007ffdb7f10000 - 0x00007ffdb8183000 	C:\WINDOWS\System32\KERNELBASE.dll
0x00007ffdba820000 - 0x00007ffdba8c1000 	C:\WINDOWS\System32\ADVAPI32.dll
0x00007ffdb8dd0000 - 0x00007ffdb8e6e000 	C:\WINDOWS\System32\msvcrt.dll
0x00007ffdba8d0000 - 0x00007ffdba92b000 	C:\WINDOWS\System32\sechost.dll
0x00007ffdbb080000 - 0x00007ffdbb1a4000 	C:\WINDOWS\System32\RPCRT4.dll
0x00007ffdba930000 - 0x00007ffdbaac0000 	C:\WINDOWS\System32\USER32.dll
0x00007ffdb8d60000 - 0x00007ffdb8d80000 	C:\WINDOWS\System32\win32u.dll
0x00007ffdbb370000 - 0x00007ffdbb398000 	C:\WINDOWS\System32\GDI32.dll
0x00007ffdb8190000 - 0x00007ffdb8322000 	C:\WINDOWS\System32\gdi32full.dll
0x00007ffdb7e70000 - 0x00007ffdb7f0f000 	C:\WINDOWS\System32\msvcp_win.dll
0x00007ffdb7d70000 - 0x00007ffdb7e6a000 	C:\WINDOWS\System32\ucrtbase.dll
0x00007ffdaff60000 - 0x00007ffdb01c9000 	C:\WINDOWS\WinSxS\amd64_microsoft.windows.common-controls_6595b64144ccf1df_6.0.17134.165_none_fb429645306569ac\COMCTL32.dll
0x00007ffdba320000 - 0x00007ffdba643000 	C:\WINDOWS\System32\combase.dll
0x00007ffdb8ce0000 - 0x00007ffdb8d5a000 	C:\WINDOWS\System32\bcryptPrimitives.dll
0x00007ffdbb650000 - 0x00007ffdbb67d000 	C:\WINDOWS\System32\IMM32.DLL
0x0000000068320000 - 0x00000000683f2000 	C:\Program Files\Java\jdk1.8.0_161\jre\bin\msvcr100.dll
0x00000000655f0000 - 0x0000000065e8f000 	C:\Program Files\Java\jdk1.8.0_161\jre\bin\server\jvm.dll
0x00007ffdbb1e0000 - 0x00007ffdbb1e8000 	C:\WINDOWS\System32\PSAPI.DLL
0x00007ffdb2410000 - 0x00007ffdb241a000 	C:\WINDOWS\SYSTEM32\VERSION.dll
0x00007ffdb5cb0000 - 0x00007ffdb5cd3000 	C:\WINDOWS\SYSTEM32\WINMM.dll
0x00007ffda7fb0000 - 0x00007ffda7fb9000 	C:\WINDOWS\SYSTEM32\WSOCK32.dll
0x00007ffdb5c80000 - 0x00007ffdb5caa000 	C:\WINDOWS\SYSTEM32\winmmbase.dll
0x00007ffdba6f0000 - 0x00007ffdba75c000 	C:\WINDOWS\System32\WS2_32.dll
0x00007ffdb8d80000 - 0x00007ffdb8dc9000 	C:\WINDOWS\System32\cfgmgr32.dll
0x0000000068310000 - 0x000000006831f000 	C:\Program Files\Java\jdk1.8.0_161\jre\bin\verify.dll
0x00000000682e0000 - 0x0000000068309000 	C:\Program Files\Java\jdk1.8.0_161\jre\bin\java.dll
0x00000000682c0000 - 0x00000000682d6000 	C:\Program Files\Java\jdk1.8.0_161\jre\bin\zip.dll
0x00007ffdb8ee0000 - 0x00007ffdba320000 	C:\WINDOWS\System32\SHELL32.dll
0x00007ffdbaac0000 - 0x00007ffdbab69000 	C:\WINDOWS\System32\shcore.dll
0x00007ffdb8330000 - 0x00007ffdb8a3d000 	C:\WINDOWS\System32\windows.storage.dll
0x00007ffdb8e80000 - 0x00007ffdb8ed1000 	C:\WINDOWS\System32\shlwapi.dll
0x00007ffdb7c50000 - 0x00007ffdb7c61000 	C:\WINDOWS\System32\kernel.appcore.dll
0x00007ffdb7c70000 - 0x00007ffdb7c8f000 	C:\WINDOWS\System32\profapi.dll
0x00007ffdb7cc0000 - 0x00007ffdb7d0c000 	C:\WINDOWS\System32\powrprof.dll
0x00007ffdb7c90000 - 0x00007ffdb7c9a000 	C:\WINDOWS\System32\FLTLIB.DLL
0x00000000682a0000 - 0x00000000682ba000 	C:\Program Files\Java\jdk1.8.0_161\jre\bin\net.dll
0x00007ffdb74d0000 - 0x00007ffdb7536000 	C:\WINDOWS\system32\mswsock.dll
0x0000000068280000 - 0x0000000068291000 	C:\Program Files\Java\jdk1.8.0_161\jre\bin\nio.dll
0x00007ffda5f90000 - 0x00007ffda5fa2000 	C:\Users\giorgi.bibilashvili\.gradle\native\19\windows-amd64\native-platform.dll
0x0000000180000000 - 0x0000000180037000 	C:\Users\giorgi.bibilashvili\.gradle\native\jna\win32-amd64\jnidispatch.dll
0x00007ffdb7680000 - 0x00007ffdb7697000 	C:\WINDOWS\SYSTEM32\CRYPTSP.dll
0x00007ffdb70b0000 - 0x00007ffdb70e3000 	C:\WINDOWS\system32\rsaenh.dll
0x00007ffdb77b0000 - 0x00007ffdb77d5000 	C:\WINDOWS\SYSTEM32\bcrypt.dll
0x00007ffdb7b50000 - 0x00007ffdb7b78000 	C:\WINDOWS\SYSTEM32\USERENV.dll
0x00007ffdb76a0000 - 0x00007ffdb76ab000 	C:\WINDOWS\SYSTEM32\CRYPTBASE.dll
0x00007ffdb7250000 - 0x00007ffdb7288000 	C:\WINDOWS\SYSTEM32\IPHLPAPI.DLL
0x00007ffdbb1b0000 - 0x00007ffdbb1b8000 	C:\WINDOWS\System32\NSI.dll
0x00007ffdb3f70000 - 0x00007ffdb3f86000 	C:\WINDOWS\SYSTEM32\dhcpcsvc6.DLL
0x00007ffdb3f10000 - 0x00007ffdb3f2a000 	C:\WINDOWS\SYSTEM32\dhcpcsvc.DLL
0x0000000068270000 - 0x000000006827d000 	C:\Program Files\Java\jdk1.8.0_161\jre\bin\management.dll
0x0000000068240000 - 0x0000000068264000 	C:\Program Files\Java\jdk1.8.0_161\jre\bin\sunec.dll
0x00007ffdb7290000 - 0x00007ffdb734e000 	C:\WINDOWS\SYSTEM32\DNSAPI.dll
0x00007ffdaeed0000 - 0x00007ffdaeeda000 	C:\Windows\System32\rasadhlp.dll
0x00007ffdb3f90000 - 0x00007ffdb4002000 	C:\WINDOWS\System32\fwpuclnt.dll
0x0000000068230000 - 0x000000006823b000 	C:\Program Files\Java\jdk1.8.0_161\jre\bin\sunmscapi.dll
0x00007ffdb8af0000 - 0x00007ffdb8cd2000 	C:\WINDOWS\System32\CRYPT32.dll
0x00007ffdb7ca0000 - 0x00007ffdb7cb2000 	C:\WINDOWS\System32\MSASN1.dll

VM Arguments:
jvm_args: -Dorg.gradle.appname=gradlew 
java_command: org.gradle.wrapper.GradleWrapperMain installDebug
java_class_path (initial): D:\react\haccp\android\\gradle\wrapper\gradle-wrapper.jar
Launcher Type: SUN_STANDARD

Environment Variables:
JAVA_HOME=C:\Program Files\Java\jdk1.8.0_161
CLASSPATH=D:\react\haccp\android\\gradle\wrapper\gradle-wrapper.jar
PATH=C:\Program Files (x86)\Common Files\Oracle\Java\javapath;C:\ProgramData\Oracle\Java\javapath;C:\WINDOWS\system32;C:\WINDOWS;C:\WINDOWS\System32\Wbem;C:\WINDOWS\System32\WindowsPowerShell\v1.0\;C:\Program Files\Git\cmd;C:\Users\giorgi.bibilashvili\AppData\Roaming\nvm;C:\Program Files\nodejs;D:\xampp7\php;C:\composer;C:\Program Files\dotnet\;C:\Program Files\Microsoft SQL Server\130\Tools\Binn\;C:\WINDOWS\System32\OpenSSH\;C:\Program Files (x86)\Microsoft SQL Server\Client SDK\ODBC\130\Tools\Binn\;C:\Program Files (x86)\Microsoft SQL Server\140\Tools\Binn\;C:\Program Files (x86)\Microsoft SQL Server\140\DTS\Binn\;C:\Program Files (x86)\Microsoft SQL Server\140\Tools\Binn\ManagementStudio\;C:\Users\giorgi.bibilashvili\AppData\Local\Microsoft\WindowsApps;C:\Program Files\Microsoft VS Code\bin;C:\Users\giorgi.bibilashvili\AppData\Roaming\nvm;C:\Program Files\nodejs;C:\Users\giorgi.bibilashvili\AppData\Local\Android\Sdk\emulator;C:\Users\giorgi.bibilashvili\AppData\Roaming\Composer\vendor\bin;C:\Users\giorgi.bibilashvili\AppData\Local\Android\Sdk\tools;C:\Users\giorgi.bibilashvili\AppData\Local\Android\Sdk\platform-tools;C:\Users\giorgi.bibilashvili\AppData\Local\Android\Sdk\build-tools;C:\Program Files\Java\jdk1.8.0_161\bin;
USERNAME=giorgi.bibilashvili
OS=Windows_NT
PROCESSOR_IDENTIFIER=Intel64 Family 6 Model 158 Stepping 9, GenuineIntel



---------------  S Y S T E M  ---------------

OS: Windows 10.0 , 64 bit Build 17134 (10.0.17134.1)

CPU:total 4 (initial active 4) (4 cores per cpu, 1 threads per core) family 6 model 158 stepping 9, cmov, cx8, fxsr, mmx, sse, sse2, sse3, ssse3, sse4.1, sse4.2, popcnt, avx, avx2, aes, clmul, erms, 3dnowpref, lzcnt, tsc, tscinvbit, bmi1, bmi2, adx

Memory: 4k page, physical 8324844k(1278160k free), swap 21307996k(628k free)

vm_info: Java HotSpot(TM) 64-Bit Server VM (25.161-b12) for windows-amd64 JRE (1.8.0_161-b12), built on Dec 19 2017 17:52:25 by "java_re" with MS VC++ 10.0 (VS2010)

time: Fri Jul 27 14:51:44 2018
elapsed time: 41 seconds (0d 0h 0m 41s)

