#
# There is insufficient memory for the Java Runtime Environment to continue.
# Native memory allocation (malloc) failed to allocate 72320 bytes for Chunk::new
# Possible reasons:
#   The system is out of physical RAM or swap space
#   In 32 bit mode, the process size limit was hit
# Possible solutions:
#   Reduce memory load on the system
#   Increase physical memory or swap space
#   Check if swap backing store is full
#   Use 64 bit Java on a 64 bit OS
#   Decrease Java heap size (-Xmx/-Xms)
#   Decrease number of Java threads
#   Decrease Java thread stack sizes (-Xss)
#   Set larger code cache with -XX:ReservedCodeCacheSize=
# This output file may be truncated or incomplete.
#
#  Out of Memory Error (allocation.cpp:390), pid=6784, tid=0x0000000000002910
#
# JRE version: Java(TM) SE Runtime Environment (8.0_161-b12) (build 1.8.0_161-b12)
# Java VM: Java HotSpot(TM) 64-Bit Server VM (25.161-b12 mixed mode windows-amd64 compressed oops)
# Failed to write core dump. Minidumps are not enabled by default on client versions of Windows
#

---------------  T H R E A D  ---------------

Current thread (0x0000000017294000):  JavaThread "C2 CompilerThread1" daemon [_thread_in_native, id=10512, stack(0x00000000189d0000,0x0000000018ad0000)]

Stack: [0x00000000189d0000,0x0000000018ad0000]
[error occurred during error reporting (printing stack bounds), id 0xc0000005]

Native frames: (J=compiled Java code, j=interpreted, Vv=VM code, C=native code)


Current CompileTask:
C2:  40603 12032       4       java.security.SecureClassLoader::defineClass (16 bytes)


---------------  P R O C E S S  ---------------

Java Threads: ( => current thread )
  0x0000000020851800 JavaThread "Device List Monitor" [_thread_in_native, id=7940, stack(0x0000000023700000,0x0000000023800000)]
  0x0000000020850000 JavaThread "Monitor" [_thread_in_native, id=2260, stack(0x0000000023300000,0x0000000023400000)]
  0x000000001f887800 JavaThread "File lock request listener" [_thread_in_native, id=9380, stack(0x000000001e900000,0x000000001ea00000)]
  0x000000001c415800 JavaThread "pool-1-thread-1" [_thread_in_native, id=10416, stack(0x000000001d430000,0x000000001d530000)]
  0x00000000172ee800 JavaThread "Service Thread" daemon [_thread_blocked, id=7936, stack(0x0000000018fd0000,0x00000000190d0000)]
  0x000000001729b000 JavaThread "C1 CompilerThread2" daemon [_thread_blocked, id=7432, stack(0x0000000018ad0000,0x0000000018bd0000)]
=>0x0000000017294000 JavaThread "C2 CompilerThread1" daemon [_thread_in_native, id=10512, stack(0x00000000189d0000,0x0000000018ad0000)]
  0x0000000017290000 JavaThread "C2 CompilerThread0" daemon [_thread_in_native, id=6796, stack(0x00000000188d0000,0x00000000189d0000)]
  0x000000001728e000 JavaThread "Attach Listener" daemon [_thread_blocked, id=9440, stack(0x00000000187d0000,0x00000000188d0000)]
  0x000000001728d000 JavaThread "Signal Dispatcher" daemon [_thread_blocked, id=3272, stack(0x00000000186d0000,0x00000000187d0000)]
  0x000000001727a800 JavaThread "Finalizer" daemon [_thread_blocked, id=1404, stack(0x00000000184e0000,0x00000000185e0000)]
  0x00000000026e1000 JavaThread "Reference Handler" daemon [_thread_blocked, id=8680, stack(0x00000000183e0000,0x00000000184e0000)]
  0x00000000025f2800 JavaThread "main" [_thread_in_vm, id=8264, stack(0x00000000024d0000,0x00000000025d0000)]

Other Threads:
  0x0000000017256800 VMThread [stack: 0x00000000182e0000,0x00000000183e0000] [id=8316]
  0x0000000018c0e000 WatcherThread [stack: 0x00000000190d0000,0x00000000191d0000] [id=10864]

VM state:not at safepoint (normal execution)

VM Mutex/Monitor currently owned by a thread: None

Heap:
 PSYoungGen      total 441856K, used 82211K [0x00000000d5a00000, 0x00000000f2d00000, 0x0000000100000000)
  eden space 413696K, 17% used [0x00000000d5a00000,0x00000000da248ef8,0x00000000eee00000)
  from space 28160K, 29% used [0x00000000f1180000,0x00000000f1980020,0x00000000f2d00000)
  to   space 32256K, 0% used [0x00000000eee00000,0x00000000eee00000,0x00000000f0d80000)
 ParOldGen       total 190976K, used 85274K [0x0000000080e00000, 0x000000008c880000, 0x00000000d5a00000)
  object space 190976K, 44% used [0x0000000080e00000,0x00000000861468d0,0x000000008c880000)
 Metaspace       used 59886K, capacity 64002K, committed 64344K, reserved 1103872K
  class space    used 8029K, capacity 9045K, committed 9088K, reserved 1048576K

Card table byte_map: [0x0000000011ab0000,0x0000000011eb0000] byte_map_base: 0x00000000116a9000

Marking Bits: (ParMarkBitMap*) 0x0000000065e0f860
 Begin Bits: [0x0000000012560000, 0x0000000014528000)
 End Bits:   [0x0000000014528000, 0x00000000164f0000)

Polling page: 0x0000000000b40000

CodeCache: size=245760Kb used=35146Kb max_used=35607Kb free=210613Kb
 bounds [0x00000000026f0000, 0x0000000004a20000, 0x00000000116f0000]
 total_blobs=10711 nmethods=9940 adapters=681
 compilation: enabled

Compilation events (10 events):
Event: 40.568 Thread 0x000000001729b000 12002       1       com.google.wireless.android.sdk.stats.AndroidStudioStats$GradleTaskExecution$Type::getNumber (5 bytes)
Event: 40.568 Thread 0x000000001729b000 nmethod 12002 0x00000000046c3710 code [0x00000000046c3860, 0x00000000046c3970]
Event: 40.568 Thread 0x000000001729b000 12027       3       com.google.wireless.android.sdk.stats.AndroidStudioStats$GradleBuildProfileSpan::writeTo (208 bytes)
Event: 40.569 Thread 0x000000001729b000 nmethod 12027 0x000000000486bad0 code [0x000000000486bee0, 0x000000000486f0c8]
Event: 40.569 Thread 0x000000001729b000 12029       3       com.google.wireless.android.sdk.stats.AndroidStudioStats$GradleTaskExecution::writeTo (116 bytes)
Event: 40.570 Thread 0x000000001729b000 nmethod 12029 0x000000000408cb50 code [0x000000000408ce60, 0x000000000408f108]
Event: 40.570 Thread 0x000000001729b000 12030       3       org.gradle.internal.classloader.FilteringClassLoader::getPackage (22 bytes)
Event: 40.571 Thread 0x000000001729b000 nmethod 12030 0x0000000003b90350 code [0x0000000003b904c0, 0x0000000003b90718]
Event: 40.571 Thread 0x0000000017290000 12031       4       sun.misc.Resource::getByteBuffer (24 bytes)
Event: 40.571 Thread 0x0000000017294000 12032       4       java.security.SecureClassLoader::defineClass (16 bytes)

GC Heap History (10 events):
Event: 25.005 GC heap before
{Heap before GC invocations=19 (full 3):
 PSYoungGen      total 323072K, used 292352K [0x00000000d5a00000, 0x00000000eff00000, 0x0000000100000000)
  eden space 292352K, 100% used [0x00000000d5a00000,0x00000000e7780000,0x00000000e7780000)
  from space 30720K, 0% used [0x00000000e7780000,0x00000000e7780000,0x00000000e9580000)
  to   space 36864K, 0% used [0x00000000edb00000,0x00000000edb00000,0x00000000eff00000)
 ParOldGen       total 190976K, used 85234K [0x0000000080e00000, 0x000000008c880000, 0x00000000d5a00000)
  object space 190976K, 44% used [0x0000000080e00000,0x000000008613c8d0,0x000000008c880000)
 Metaspace       used 56653K, capacity 60416K, committed 60632K, reserved 1101824K
  class space    used 7644K, capacity 8620K, committed 8704K, reserved 1048576K
Event: 25.012 GC heap after
Heap after GC invocations=19 (full 3):
 PSYoungGen      total 378880K, used 7892K [0x00000000d5a00000, 0x00000000ef700000, 0x0000000100000000)
  eden space 350208K, 0% used [0x00000000d5a00000,0x00000000d5a00000,0x00000000eb000000)
  from space 28672K, 27% used [0x00000000edb00000,0x00000000ee2b51f0,0x00000000ef700000)
  to   space 36352K, 0% used [0x00000000eb000000,0x00000000eb000000,0x00000000ed380000)
 ParOldGen       total 190976K, used 85242K [0x0000000080e00000, 0x000000008c880000, 0x00000000d5a00000)
  object space 190976K, 44% used [0x0000000080e00000,0x000000008613e8d0,0x000000008c880000)
 Metaspace       used 56653K, capacity 60416K, committed 60632K, reserved 1101824K
  class space    used 7644K, capacity 8620K, committed 8704K, reserved 1048576K
}
Event: 27.428 GC heap before
{Heap before GC invocations=20 (full 3):
 PSYoungGen      total 378880K, used 358100K [0x00000000d5a00000, 0x00000000ef700000, 0x0000000100000000)
  eden space 350208K, 100% used [0x00000000d5a00000,0x00000000eb000000,0x00000000eb000000)
  from space 28672K, 27% used [0x00000000edb00000,0x00000000ee2b51f0,0x00000000ef700000)
  to   space 36352K, 0% used [0x00000000eb000000,0x00000000eb000000,0x00000000ed380000)
 ParOldGen       total 190976K, used 85242K [0x0000000080e00000, 0x000000008c880000, 0x00000000d5a00000)
  object space 190976K, 44% used [0x0000000080e00000,0x000000008613e8d0,0x000000008c880000)
 Metaspace       used 56909K, capacity 60796K, committed 60888K, reserved 1101824K
  class space    used 7668K, capacity 8662K, committed 8704K, reserved 1048576K
Event: 27.435 GC heap after
Heap after GC invocations=20 (full 3):
 PSYoungGen      total 386560K, used 8688K [0x00000000d5a00000, 0x00000000f1b80000, 0x0000000100000000)
  eden space 350208K, 0% used [0x00000000d5a00000,0x00000000d5a00000,0x00000000eb000000)
  from space 36352K, 23% used [0x00000000eb000000,0x00000000eb87c030,0x00000000ed380000)
  to   space 35328K, 0% used [0x00000000ef900000,0x00000000ef900000,0x00000000f1b80000)
 ParOldGen       total 190976K, used 85250K [0x0000000080e00000, 0x000000008c880000, 0x00000000d5a00000)
  object space 190976K, 44% used [0x0000000080e00000,0x00000000861408d0,0x000000008c880000)
 Metaspace       used 56909K, capacity 60796K, committed 60888K, reserved 1101824K
  class space    used 7668K, capacity 8662K, committed 8704K, reserved 1048576K
}
Event: 29.410 GC heap before
{Heap before GC invocations=21 (full 3):
 PSYoungGen      total 386560K, used 358896K [0x00000000d5a00000, 0x00000000f1b80000, 0x0000000100000000)
  eden space 350208K, 100% used [0x00000000d5a00000,0x00000000eb000000,0x00000000eb000000)
  from space 36352K, 23% used [0x00000000eb000000,0x00000000eb87c030,0x00000000ed380000)
  to   space 35328K, 0% used [0x00000000ef900000,0x00000000ef900000,0x00000000f1b80000)
 ParOldGen       total 190976K, used 85250K [0x0000000080e00000, 0x000000008c880000, 0x00000000d5a00000)
  object space 190976K, 44% used [0x0000000080e00000,0x00000000861408d0,0x000000008c880000)
 Metaspace       used 57193K, capacity 61262K, committed 61528K, reserved 1101824K
  class space    used 7705K, capacity 8729K, committed 8832K, reserved 1048576K
Event: 29.416 GC heap after
Heap after GC invocations=21 (full 3):
 PSYoungGen      total 411648K, used 8384K [0x00000000d5a00000, 0x00000000f1400000, 0x0000000100000000)
  eden space 384000K, 0% used [0x00000000d5a00000,0x00000000d5a00000,0x00000000ed100000)
  from space 27648K, 30% used [0x00000000ef900000,0x00000000f0130000,0x00000000f1400000)
  to   space 34304K, 0% used [0x00000000ed100000,0x00000000ed100000,0x00000000ef280000)
 ParOldGen       total 190976K, used 85258K [0x0000000080e00000, 0x000000008c880000, 0x00000000d5a00000)
  object space 190976K, 44% used [0x0000000080e00000,0x00000000861428d0,0x000000008c880000)
 Metaspace       used 57193K, capacity 61262K, committed 61528K, reserved 1101824K
  class space    used 7705K, capacity 8729K, committed 8832K, reserved 1048576K
}
Event: 31.470 GC heap before
{Heap before GC invocations=22 (full 3):
 PSYoungGen      total 411648K, used 392384K [0x00000000d5a00000, 0x00000000f1400000, 0x0000000100000000)
  eden space 384000K, 100% used [0x00000000d5a00000,0x00000000ed100000,0x00000000ed100000)
  from space 27648K, 30% used [0x00000000ef900000,0x00000000f0130000,0x00000000f1400000)
  to   space 34304K, 0% used [0x00000000ed100000,0x00000000ed100000,0x00000000ef280000)
 ParOldGen       total 190976K, used 85258K [0x0000000080e00000, 0x000000008c880000, 0x00000000d5a00000)
  object space 190976K, 44% used [0x0000000080e00000,0x00000000861428d0,0x000000008c880000)
 Metaspace       used 57572K, capacity 61734K, committed 61784K, reserved 1101824K
  class space    used 7779K, capacity 8783K, committed 8832K, reserved 1048576K
Event: 31.478 GC heap after
Heap after GC invocations=22 (full 3):
 PSYoungGen      total 418304K, used 9280K [0x00000000d5a00000, 0x00000000f3200000, 0x0000000100000000)
  eden space 384000K, 0% used [0x00000000d5a00000,0x00000000d5a00000,0x00000000ed100000)
  from space 34304K, 27% used [0x00000000ed100000,0x00000000eda10020,0x00000000ef280000)
  to   space 33280K, 0% used [0x00000000f1180000,0x00000000f1180000,0x00000000f3200000)
 ParOldGen       total 190976K, used 85266K [0x0000000080e00000, 0x000000008c880000, 0x00000000d5a00000)
  object space 190976K, 44% used [0x0000000080e00000,0x00000000861448d0,0x000000008c880000)
 Metaspace       used 57572K, capacity 61734K, committed 61784K, reserved 1101824K
  class space    used 7779K, capacity 8783K, committed 8832K, reserved 1048576K
}
Event: 33.199 GC heap before
{Heap before GC invocations=23 (full 3):
 PSYoungGen      total 418304K, used 393280K [0x00000000d5a00000, 0x00000000f3200000, 0x0000000100000000)
  eden space 384000K, 100% used [0x00000000d5a00000,0x00000000ed100000,0x00000000ed100000)
  from space 34304K, 27% used [0x00000000ed100000,0x00000000eda10020,0x00000000ef280000)
  to   space 33280K, 0% used [0x00000000f1180000,0x00000000f1180000,0x00000000f3200000)
 ParOldGen       total 190976K, used 85266K [0x0000000080e00000, 0x000000008c880000, 0x00000000d5a00000)
  object space 190976K, 44% used [0x0000000080e00000,0x00000000861448d0,0x000000008c880000)
 Metaspace       used 57612K, capacity 61736K, committed 61784K, reserved 1101824K
  class space    used 7780K, capacity 8784K, committed 8832K, reserved 1048576K
Event: 33.208 GC heap after
Heap after GC invocations=23 (full 3):
 PSYoungGen      total 441856K, used 8192K [0x00000000d5a00000, 0x00000000f2d00000, 0x0000000100000000)
  eden space 413696K, 0% used [0x00000000d5a00000,0x00000000d5a00000,0x00000000eee00000)
  from space 28160K, 29% used [0x00000000f1180000,0x00000000f1980020,0x00000000f2d00000)
  to   space 32256K, 0% used [0x00000000eee00000,0x00000000eee00000,0x00000000f0d80000)
 ParOldGen       total 190976K, used 85274K [0x0000000080e00000, 0x000000008c880000, 0x00000000d5a00000)
  object space 190976K, 44% used [0x0000000080e00000,0x00000000861468d0,0x000000008c880000)
 Metaspace       used 57612K, capacity 61736K, committed 61784K, reserved 1101824K
  class space    used 7780K, capacity 8784K, committed 8832K, reserved 1048576K
}

Deoptimization events (10 events):
Event: 35.162 Thread 0x00000000025f2800 Uncommon trap: reason=unstable_if action=reinterpret pc=0x0000000004656018 method=sun.nio.ch.IOUtil.writeFromNativeBuffer(Ljava/io/FileDescriptor;Ljava/nio/ByteBuffer;JLsun/nio/ch/NativeDispatcher;)I @ 121
Event: 35.582 Thread 0x00000000025f2800 Uncommon trap: reason=unstable_if action=reinterpret pc=0x0000000003f20634 method=com.android.ddmlib.AdbHelper.executeRemoteCommand(Ljava/net/InetSocketAddress;Lcom/android/ddmlib/AdbHelper$AdbService;Ljava/lang/String;Lcom/android/ddmlib/IDevice;Lcom/and
Event: 40.446 Thread 0x00000000025f2800 Uncommon trap: reason=predicate action=maybe_recompile pc=0x000000000296cf88 method=java.util.Collections.indexedBinarySearch(Ljava/util/List;Ljava/lang/Object;)I @ 16
Event: 40.446 Thread 0x00000000025f2800 Uncommon trap: reason=unstable_if action=reinterpret pc=0x00000000047d98f0 method=org.apache.commons.collections.map.AbstractHashedMap.put(Ljava/lang/Object;Ljava/lang/Object;)Ljava/lang/Object; @ 44
Event: 40.462 Thread 0x00000000025f2800 Uncommon trap: reason=bimorphic action=maybe_recompile pc=0x000000000480858c method=org.gradle.internal.logging.text.AbstractLineChoppingStyledTextOutput.doAppend(Ljava/lang/String;)V @ 122
Event: 40.464 Thread 0x00000000025f2800 Uncommon trap: reason=bimorphic action=maybe_recompile pc=0x00000000048085a4 method=org.gradle.internal.logging.text.AbstractLineChoppingStyledTextOutput.doAppend(Ljava/lang/String;)V @ 197
Event: 40.464 Thread 0x00000000025f2800 Uncommon trap: reason=bimorphic action=maybe_recompile pc=0x000000000480858c method=org.gradle.internal.logging.text.AbstractLineChoppingStyledTextOutput.doAppend(Ljava/lang/String;)V @ 122
Event: 40.464 Thread 0x00000000025f2800 Uncommon trap: reason=bimorphic action=maybe_recompile pc=0x000000000480858c method=org.gradle.internal.logging.text.AbstractLineChoppingStyledTextOutput.doAppend(Ljava/lang/String;)V @ 122
Event: 40.561 Thread 0x00000000025f2800 Uncommon trap: reason=unstable_if action=reinterpret pc=0x00000000032128c8 method=com.google.protobuf.CodedOutputStream.computeRawVarint32Size(I)I @ 14
Event: 40.574 Thread 0x00000000025f2800 Uncommon trap: reason=unstable_if action=reinterpret pc=0x000000000459c8f4 method=org.gradle.internal.dispatch.ProxyDispatchAdapter$DispatchingInvocationHandler.invoke(Ljava/lang/Object;Ljava/lang/reflect/Method;[Ljava/lang/Object;)Ljava/lang/Object; @ 11

Classes redefined (0 events):
No events

Internal exceptions (10 events):
Event: 31.146 Thread 0x00000000025f2800 Exception <a 'java/lang/ClassNotFoundException': java/util/Collections$UnmodifiableMapCustomizer> (0x00000000e95d02e0) thrown at [C:\re\workspace\8-2-build-windows-amd64-cygwin\jdk8u161\10277\hotspot\src\share\vm\classfile\systemDictionary.cpp, line 210]
Event: 31.153 Thread 0x00000000025f2800 Exception <a 'java/lang/ClassNotFoundException': ComputerIdentifierGeneratorBeanInfo> (0x00000000e9668aa0) thrown at [C:\re\workspace\8-2-build-windows-amd64-cygwin\jdk8u161\10277\hotspot\src\share\vm\classfile\systemDictionary.cpp, line 210]
Event: 31.153 Thread 0x00000000025f2800 Exception <a 'java/lang/ClassNotFoundException': ComputerIdentifierGeneratorCustomizer> (0x00000000e966efd8) thrown at [C:\re\workspace\8-2-build-windows-amd64-cygwin\jdk8u161\10277\hotspot\src\share\vm\classfile\systemDictionary.cpp, line 210]
Event: 31.154 Thread 0x00000000025f2800 Exception <a 'java/lang/ClassNotFoundException': java/lang/RuntimeBeanInfo> (0x00000000e968f678) thrown at [C:\re\workspace\8-2-build-windows-amd64-cygwin\jdk8u161\10277\hotspot\src\share\vm\classfile\systemDictionary.cpp, line 210]
Event: 31.155 Thread 0x00000000025f2800 Exception <a 'java/lang/ClassNotFoundException': java/lang/RuntimeCustomizer> (0x00000000e9693a20) thrown at [C:\re\workspace\8-2-build-windows-amd64-cygwin\jdk8u161\10277\hotspot\src\share\vm\classfile\systemDictionary.cpp, line 210]
Event: 31.156 Thread 0x00000000025f2800 Exception <a 'java/lang/IllegalArgumentException': wrong number of arguments> (0x00000000e96aea10) thrown at [C:\re\workspace\8-2-build-windows-amd64-cygwin\jdk8u161\10277\hotspot\src\share\vm\runtime\reflection.cpp, line 1028]
Event: 31.161 Thread 0x00000000025f2800 Exception <a 'java/lang/ClassNotFoundException': java/util/regex/MatcherBeanInfo> (0x00000000e96faee0) thrown at [C:\re\workspace\8-2-build-windows-amd64-cygwin\jdk8u161\10277\hotspot\src\share\vm\classfile\systemDictionary.cpp, line 210]
Event: 31.162 Thread 0x00000000025f2800 Exception <a 'java/lang/ClassNotFoundException': java/util/regex/MatcherCustomizer> (0x00000000e9707710) thrown at [C:\re\workspace\8-2-build-windows-amd64-cygwin\jdk8u161\10277\hotspot\src\share\vm\classfile\systemDictionary.cpp, line 210]
Event: 31.324 Thread 0x00000000025f2800 Exception <a 'java/lang/ClassNotFoundException': org/gradle/process/internal/DefaultExecHandle$ExecResultImplBeanInfo> (0x00000000e9b3a250) thrown at [C:\re\workspace\8-2-build-windows-amd64-cygwin\jdk8u161\10277\hotspot\src\share\vm\classfile\systemDicti
Event: 31.325 Thread 0x00000000025f2800 Exception <a 'java/lang/ClassNotFoundException': org/gradle/process/internal/DefaultExecHandle$ExecResultImplCustomizer> (0x00000000e9b6dc18) thrown at [C:\re\workspace\8-2-build-windows-amd64-cygwin\jdk8u161\10277\hotspot\src\share\vm\classfile\systemDic

Events (10 events):
Event: 40.572 loading class com/android/dx/rop/code/RegisterSpec done
Event: 40.573 loading class com/android/dx/rop/type/TypeBearer
Event: 40.573 loading class com/android/dx/rop/type/TypeBearer done
Event: 40.573 loading class com/android/dx/util/ToHuman
Event: 40.573 loading class com/android/dx/util/ToHuman done
Event: 40.574 Thread 0x00000000025f2800 Uncommon trap: trap_request=0xffffff65 fr.pc=0x000000000459c8f4
Event: 40.574 Thread 0x00000000025f2800 DEOPT PACKING pc=0x000000000459c8f4 sp=0x00000000025cd560
Event: 40.574 Thread 0x00000000025f2800 DEOPT UNPACKING pc=0x000000000273583b sp=0x00000000025cd550 mode 2
Event: 40.575 loading class org/apache/tools/ant/IntrospectionHelper
Event: 40.575 loading class org/apache/tools/ant/IntrospectionHelper done


Dynamic libraries:
0x00007ff7a45d0000 - 0x00007ff7a4607000 	C:\Program Files\Java\jdk1.8.0_161\bin\java.exe
0x00007ffdbb940000 - 0x00007ffdbbb21000 	C:\WINDOWS\SYSTEM32\ntdll.dll
0x00007ffdbab70000 - 0x00007ffdbac22000 	C:\WINDOWS\System32\KERNEL32.DLL
0x00007ffdb7f10000 - 0x00007ffdb8183000 	C:\WINDOWS\System32\KERNELBASE.dll
0x00007ffdba820000 - 0x00007ffdba8c1000 	C:\WINDOWS\System32\ADVAPI32.dll
0x00007ffdb8dd0000 - 0x00007ffdb8e6e000 	C:\WINDOWS\System32\msvcrt.dll
0x00007ffdba8d0000 - 0x00007ffdba92b000 	C:\WINDOWS\System32\sechost.dll
0x00007ffdbb080000 - 0x00007ffdbb1a4000 	C:\WINDOWS\System32\RPCRT4.dll
0x00007ffdba930000 - 0x00007ffdbaac0000 	C:\WINDOWS\System32\USER32.dll
0x00007ffdb8d60000 - 0x00007ffdb8d80000 	C:\WINDOWS\System32\win32u.dll
0x00007ffdbb370000 - 0x00007ffdbb398000 	C:\WINDOWS\System32\GDI32.dll
0x00007ffdb8190000 - 0x00007ffdb8322000 	C:\WINDOWS\System32\gdi32full.dll
0x00007ffdb7e70000 - 0x00007ffdb7f0f000 	C:\WINDOWS\System32\msvcp_win.dll
0x00007ffdb7d70000 - 0x00007ffdb7e6a000 	C:\WINDOWS\System32\ucrtbase.dll
0x00007ffdaff60000 - 0x00007ffdb01c9000 	C:\WINDOWS\WinSxS\amd64_microsoft.windows.common-controls_6595b64144ccf1df_6.0.17134.165_none_fb429645306569ac\COMCTL32.dll
0x00007ffdba320000 - 0x00007ffdba643000 	C:\WINDOWS\System32\combase.dll
0x00007ffdb8ce0000 - 0x00007ffdb8d5a000 	C:\WINDOWS\System32\bcryptPrimitives.dll
0x00007ffdbb650000 - 0x00007ffdbb67d000 	C:\WINDOWS\System32\IMM32.DLL
0x0000000068320000 - 0x00000000683f2000 	C:\Program Files\Java\jdk1.8.0_161\jre\bin\msvcr100.dll
0x00000000655f0000 - 0x0000000065e8f000 	C:\Program Files\Java\jdk1.8.0_161\jre\bin\server\jvm.dll
0x00007ffdbb1e0000 - 0x00007ffdbb1e8000 	C:\WINDOWS\System32\PSAPI.DLL
0x00007ffdb5cb0000 - 0x00007ffdb5cd3000 	C:\WINDOWS\SYSTEM32\WINMM.dll
0x00007ffda7fb0000 - 0x00007ffda7fb9000 	C:\WINDOWS\SYSTEM32\WSOCK32.dll
0x00007ffdba6f0000 - 0x00007ffdba75c000 	C:\WINDOWS\System32\WS2_32.dll
0x00007ffdb2410000 - 0x00007ffdb241a000 	C:\WINDOWS\SYSTEM32\VERSION.dll
0x00007ffdb5c80000 - 0x00007ffdb5caa000 	C:\WINDOWS\SYSTEM32\winmmbase.dll
0x00007ffdb8d80000 - 0x00007ffdb8dc9000 	C:\WINDOWS\System32\cfgmgr32.dll
0x0000000068310000 - 0x000000006831f000 	C:\Program Files\Java\jdk1.8.0_161\jre\bin\verify.dll
0x00000000682e0000 - 0x0000000068309000 	C:\Program Files\Java\jdk1.8.0_161\jre\bin\java.dll
0x00000000682c0000 - 0x00000000682d6000 	C:\Program Files\Java\jdk1.8.0_161\jre\bin\zip.dll
0x00007ffdb8ee0000 - 0x00007ffdba320000 	C:\WINDOWS\System32\SHELL32.dll
0x00007ffdbaac0000 - 0x00007ffdbab69000 	C:\WINDOWS\System32\shcore.dll
0x00007ffdb8330000 - 0x00007ffdb8a3d000 	C:\WINDOWS\System32\windows.storage.dll
0x00007ffdb8e80000 - 0x00007ffdb8ed1000 	C:\WINDOWS\System32\shlwapi.dll
0x00007ffdb7c50000 - 0x00007ffdb7c61000 	C:\WINDOWS\System32\kernel.appcore.dll
0x00007ffdb7c70000 - 0x00007ffdb7c8f000 	C:\WINDOWS\System32\profapi.dll
0x00007ffdb7cc0000 - 0x00007ffdb7d0c000 	C:\WINDOWS\System32\powrprof.dll
0x00007ffdb7c90000 - 0x00007ffdb7c9a000 	C:\WINDOWS\System32\FLTLIB.DLL
0x00000000682a0000 - 0x00000000682ba000 	C:\Program Files\Java\jdk1.8.0_161\jre\bin\net.dll
0x00007ffdb74d0000 - 0x00007ffdb7536000 	C:\WINDOWS\system32\mswsock.dll
0x0000000068280000 - 0x0000000068291000 	C:\Program Files\Java\jdk1.8.0_161\jre\bin\nio.dll
0x00007ffda3a00000 - 0x00007ffda3a12000 	C:\Users\giorgi.bibilashvili\.gradle\native\19\windows-amd64\native-platform.dll
0x0000000180000000 - 0x0000000180037000 	C:\Users\giorgi.bibilashvili\.gradle\native\jna\win32-amd64\jnidispatch.dll
0x00007ffdb7680000 - 0x00007ffdb7697000 	C:\WINDOWS\SYSTEM32\CRYPTSP.dll
0x00007ffdb70b0000 - 0x00007ffdb70e3000 	C:\WINDOWS\system32\rsaenh.dll
0x00007ffdb77b0000 - 0x00007ffdb77d5000 	C:\WINDOWS\SYSTEM32\bcrypt.dll
0x00007ffdb7b50000 - 0x00007ffdb7b78000 	C:\WINDOWS\SYSTEM32\USERENV.dll
0x00007ffdb76a0000 - 0x00007ffdb76ab000 	C:\WINDOWS\SYSTEM32\CRYPTBASE.dll
0x00007ffdb7250000 - 0x00007ffdb7288000 	C:\WINDOWS\SYSTEM32\IPHLPAPI.DLL
0x00007ffdbb1b0000 - 0x00007ffdbb1b8000 	C:\WINDOWS\System32\NSI.dll
0x00007ffdb3f70000 - 0x00007ffdb3f86000 	C:\WINDOWS\SYSTEM32\dhcpcsvc6.DLL
0x00007ffdb3f10000 - 0x00007ffdb3f2a000 	C:\WINDOWS\SYSTEM32\dhcpcsvc.DLL
0x0000000068270000 - 0x000000006827d000 	C:\Program Files\Java\jdk1.8.0_161\jre\bin\management.dll
0x0000000068240000 - 0x0000000068264000 	C:\Program Files\Java\jdk1.8.0_161\jre\bin\sunec.dll
0x00007ffdb7290000 - 0x00007ffdb734e000 	C:\WINDOWS\SYSTEM32\DNSAPI.dll
0x00007ffdaeed0000 - 0x00007ffdaeeda000 	C:\Windows\System32\rasadhlp.dll
0x00007ffdb3f90000 - 0x00007ffdb4002000 	C:\WINDOWS\System32\fwpuclnt.dll
0x0000000068230000 - 0x000000006823b000 	C:\Program Files\Java\jdk1.8.0_161\jre\bin\sunmscapi.dll
0x00007ffdb8af0000 - 0x00007ffdb8cd2000 	C:\WINDOWS\System32\CRYPT32.dll
0x00007ffdb7ca0000 - 0x00007ffdb7cb2000 	C:\WINDOWS\System32\MSASN1.dll

VM Arguments:
jvm_args: -Dorg.gradle.appname=gradlew 
java_command: org.gradle.wrapper.GradleWrapperMain installDebug
java_class_path (initial): D:\react\haccp\android\\gradle\wrapper\gradle-wrapper.jar
Launcher Type: SUN_STANDARD

Environment Variables:
JAVA_HOME=C:\Program Files\Java\jdk1.8.0_161
CLASSPATH=D:\react\haccp\android\\gradle\wrapper\gradle-wrapper.jar
PATH=C:\Program Files (x86)\Common Files\Oracle\Java\javapath;C:\ProgramData\Oracle\Java\javapath;C:\WINDOWS\system32;C:\WINDOWS;C:\WINDOWS\System32\Wbem;C:\WINDOWS\System32\WindowsPowerShell\v1.0\;C:\Program Files\Git\cmd;C:\Users\giorgi.bibilashvili\AppData\Roaming\nvm;C:\Program Files\nodejs;D:\xampp7\php;C:\composer;C:\Program Files\dotnet\;C:\Program Files\Microsoft SQL Server\130\Tools\Binn\;C:\WINDOWS\System32\OpenSSH\;C:\Program Files (x86)\Microsoft SQL Server\Client SDK\ODBC\130\Tools\Binn\;C:\Program Files (x86)\Microsoft SQL Server\140\Tools\Binn\;C:\Program Files (x86)\Microsoft SQL Server\140\DTS\Binn\;C:\Program Files (x86)\Microsoft SQL Server\140\Tools\Binn\ManagementStudio\;C:\Users\giorgi.bibilashvili\AppData\Local\Microsoft\WindowsApps;C:\Program Files\Microsoft VS Code\bin;C:\Users\giorgi.bibilashvili\AppData\Roaming\nvm;C:\Program Files\nodejs;C:\Users\giorgi.bibilashvili\AppData\Local\Android\Sdk\emulator;C:\Users\giorgi.bibilashvili\AppData\Roaming\Composer\vendor\bin;C:\Users\giorgi.bibilashvili\AppData\Local\Android\Sdk\tools;C:\Users\giorgi.bibilashvili\AppData\Local\Android\Sdk\platform-tools;C:\Users\giorgi.bibilashvili\AppData\Local\Android\Sdk\build-tools;C:\Program Files\Java\jdk1.8.0_161\bin;
USERNAME=giorgi.bibilashvili
OS=Windows_NT
PROCESSOR_IDENTIFIER=Intel64 Family 6 Model 158 Stepping 9, GenuineIntel



---------------  S Y S T E M  ---------------

OS: Windows 10.0 , 64 bit Build 17134 (10.0.17134.1)

CPU:total 4 (initial active 4) (4 cores per cpu, 1 threads per core) family 6 model 158 stepping 9, cmov, cx8, fxsr, mmx, sse, sse2, sse3, ssse3, sse4.1, sse4.2, popcnt, avx, avx2, aes, clmul, erms, 3dnowpref, lzcnt, tsc, tscinvbit, bmi1, bmi2, adx

Memory: 4k page, physical 8324844k(1345764k free), swap 21307996k(4088k free)

vm_info: Java HotSpot(TM) 64-Bit Server VM (25.161-b12) for windows-amd64 JRE (1.8.0_161-b12), built on Dec 19 2017 17:52:25 by "java_re" with MS VC++ 10.0 (VS2010)

time: Fri Jul 27 14:52:54 2018
elapsed time: 40 seconds (0d 0h 0m 40s)

