#
# There is insufficient memory for the Java Runtime Environment to continue.
# Native memory allocation (malloc) failed to allocate 1413616 bytes for Chunk::new
# Possible reasons:
#   The system is out of physical RAM or swap space
#   In 32 bit mode, the process size limit was hit
# Possible solutions:
#   Reduce memory load on the system
#   Increase physical memory or swap space
#   Check if swap backing store is full
#   Use 64 bit Java on a 64 bit OS
#   Decrease Java heap size (-Xmx/-Xms)
#   Decrease number of Java threads
#   Decrease Java thread stack sizes (-Xss)
#   Set larger code cache with -XX:ReservedCodeCacheSize=
# This output file may be truncated or incomplete.
#
#  Out of Memory Error (allocation.cpp:390), pid=4840, tid=0x0000000000002258
#
# JRE version: Java(TM) SE Runtime Environment (8.0_161-b12) (build 1.8.0_161-b12)
# Java VM: Java HotSpot(TM) 64-Bit Server VM (25.161-b12 mixed mode windows-amd64 compressed oops)
# Failed to write core dump. Minidumps are not enabled by default on client versions of Windows
#

---------------  T H R E A D  ---------------

Current thread (0x0000000017130000):  JavaThread "C2 CompilerThread0" daemon [_thread_in_native, id=8792, stack(0x0000000018770000,0x0000000018870000)]

Stack: [0x0000000018770000,0x0000000018870000]
[error occurred during error reporting (printing stack bounds), id 0xc0000005]

Native frames: (J=compiled Java code, j=interpreted, Vv=VM code, C=native code)


Current CompileTask:
C2:  22866 9863       4       org.gradle.api.internal.artifacts.ivyservice.resolveengine.graph.DependencyGraphBuilder$DependencyEdge::calculateTargetConfigurations (110 bytes)


---------------  P R O C E S S  ---------------

Java Threads: ( => current thread )
  0x000000001c037000 JavaThread "File lock request listener" [_thread_in_native, id=7580, stack(0x000000001c330000,0x000000001c430000)]
  0x000000001a1f5800 JavaThread "pool-1-thread-1" [_thread_blocked, id=6488, stack(0x000000001c230000,0x000000001c330000)]
  0x0000000018a98800 JavaThread "Service Thread" daemon [_thread_blocked, id=9924, stack(0x0000000018e70000,0x0000000018f70000)]
  0x000000001713b000 JavaThread "C1 CompilerThread2" daemon [_thread_blocked, id=2364, stack(0x0000000018970000,0x0000000018a70000)]
  0x0000000017137800 JavaThread "C2 CompilerThread1" daemon [_thread_blocked, id=6532, stack(0x0000000018870000,0x0000000018970000)]
=>0x0000000017130000 JavaThread "C2 CompilerThread0" daemon [_thread_in_native, id=8792, stack(0x0000000018770000,0x0000000018870000)]
  0x000000001712e000 JavaThread "Attach Listener" daemon [_thread_blocked, id=896, stack(0x0000000018670000,0x0000000018770000)]
  0x000000001712c800 JavaThread "Signal Dispatcher" daemon [_thread_blocked, id=7520, stack(0x0000000018570000,0x0000000018670000)]
  0x000000000258c000 JavaThread "Finalizer" daemon [_thread_blocked, id=4172, stack(0x0000000018380000,0x0000000018480000)]
  0x00000000170f9000 JavaThread "Reference Handler" daemon [_thread_blocked, id=3768, stack(0x0000000018280000,0x0000000018380000)]
  0x0000000002492800 JavaThread "main" [_thread_in_Java, id=1232, stack(0x00000000022b0000,0x00000000023b0000)]

Other Threads:
  0x00000000170f7800 VMThread [stack: 0x0000000018180000,0x0000000018280000] [id=4680]
  0x000000001718e800 WatcherThread [stack: 0x0000000018f70000,0x0000000019070000] [id=2688]

VM state:not at safepoint (normal execution)

VM Mutex/Monitor currently owned by a thread: None

Heap:
 PSYoungGen      total 374272K, used 43652K [0x00000000d5a00000, 0x00000000edc00000, 0x0000000100000000)
  eden space 354816K, 11% used [0x00000000d5a00000,0x00000000d836c200,0x00000000eb480000)
  from space 19456K, 6% used [0x00000000eb600000,0x00000000eb735058,0x00000000ec900000)
  to   space 16896K, 0% used [0x00000000ecb80000,0x00000000ecb80000,0x00000000edc00000)
 ParOldGen       total 74752K, used 74490K [0x0000000080e00000, 0x0000000085700000, 0x00000000d5a00000)
  object space 74752K, 99% used [0x0000000080e00000,0x00000000856beb90,0x0000000085700000)
 Metaspace       used 54349K, capacity 57308K, committed 57600K, reserved 1099776K
  class space    used 7309K, capacity 8104K, committed 8192K, reserved 1048576K

Card table byte_map: [0x0000000011950000,0x0000000011d50000] byte_map_base: 0x0000000011549000

Marking Bits: (ParMarkBitMap*) 0x0000000065e0f860
 Begin Bits: [0x0000000012400000, 0x00000000143c8000)
 End Bits:   [0x00000000143c8000, 0x0000000016390000)

Polling page: 0x0000000002210000

CodeCache: size=245760Kb used=30819Kb max_used=31908Kb free=214940Kb
 bounds [0x0000000002590000, 0x00000000044e0000, 0x0000000011590000]
 total_blobs=9226 nmethods=8464 adapters=673
 compilation: enabled

Compilation events (10 events):
Event: 22.846 Thread 0x0000000017137800 9930       4       org.gradle.api.internal.artifacts.DefaultResolvedArtifact::hashCode (21 bytes)
Event: 22.847 Thread 0x000000001713b000 9933       3       org.gradle.api.internal.ConventionAwareHelper$2::getValue (8 bytes)
Event: 22.847 Thread 0x000000001713b000 nmethod 9933 0x0000000002d8a010 code [0x0000000002d8a1a0, 0x0000000002d8a478]
Event: 22.847 Thread 0x000000001713b000 9934       3       org.gradle.api.internal.ConventionAwareHelper$MappedPropertyImpl::getValue (51 bytes)
Event: 22.847 Thread 0x000000001713b000 nmethod 9934 0x0000000002e6b410 code [0x0000000002e6b5e0, 0x0000000002e6bc18]
Event: 22.853 Thread 0x0000000017137800 nmethod 9930 0x0000000003937a50 code [0x0000000003937be0, 0x00000000039381e8]
Event: 22.853 Thread 0x0000000017137800 9900       4       org.gradle.api.internal.collections.FilteredCollection::iterator (21 bytes)
Event: 22.856 Thread 0x000000001713b000 9936       3       java.lang.Boolean::hashCode (8 bytes)
Event: 22.856 Thread 0x000000001713b000 nmethod 9936 0x0000000003518510 code [0x0000000003518680, 0x0000000003518890]
Event: 22.856 Thread 0x000000001713b000 9937       3       java.lang.Boolean::hashCode (14 bytes)

GC Heap History (10 events):
Event: 11.042 GC heap before
{Heap before GC invocations=12 (full 2):
 PSYoungGen      total 198656K, used 197874K [0x00000000d5a00000, 0x00000000e7b00000, 0x0000000100000000)
  eden space 185856K, 100% used [0x00000000d5a00000,0x00000000e0f80000,0x00000000e0f80000)
  from space 12800K, 93% used [0x00000000e0f80000,0x00000000e1b3ca38,0x00000000e1c00000)
  to   space 14336K, 0% used [0x00000000e6d00000,0x00000000e6d00000,0x00000000e7b00000)
 ParOldGen       total 74752K, used 17799K [0x0000000080e00000, 0x0000000085700000, 0x00000000d5a00000)
  object space 74752K, 23% used [0x0000000080e00000,0x0000000081f61f18,0x0000000085700000)
 Metaspace       used 46946K, capacity 48168K, committed 48512K, reserved 1091584K
  class space    used 6364K, capacity 6711K, committed 6784K, reserved 1048576K
Event: 11.055 GC heap after
Heap after GC invocations=12 (full 2):
 PSYoungGen      total 275968K, used 14321K [0x00000000d5a00000, 0x00000000e7b00000, 0x0000000100000000)
  eden space 261632K, 0% used [0x00000000d5a00000,0x00000000d5a00000,0x00000000e5980000)
  from space 14336K, 99% used [0x00000000e6d00000,0x00000000e7afc558,0x00000000e7b00000)
  to   space 16384K, 0% used [0x00000000e5b00000,0x00000000e5b00000,0x00000000e6b00000)
 ParOldGen       total 74752K, used 18910K [0x0000000080e00000, 0x0000000085700000, 0x00000000d5a00000)
  object space 74752K, 25% used [0x0000000080e00000,0x0000000082077968,0x0000000085700000)
 Metaspace       used 46946K, capacity 48168K, committed 48512K, reserved 1091584K
  class space    used 6364K, capacity 6711K, committed 6784K, reserved 1048576K
}
Event: 14.291 GC heap before
{Heap before GC invocations=13 (full 2):
 PSYoungGen      total 275968K, used 275953K [0x00000000d5a00000, 0x00000000e7b00000, 0x0000000100000000)
  eden space 261632K, 100% used [0x00000000d5a00000,0x00000000e5980000,0x00000000e5980000)
  from space 14336K, 99% used [0x00000000e6d00000,0x00000000e7afc558,0x00000000e7b00000)
  to   space 16384K, 0% used [0x00000000e5b00000,0x00000000e5b00000,0x00000000e6b00000)
 ParOldGen       total 74752K, used 18910K [0x0000000080e00000, 0x0000000085700000, 0x00000000d5a00000)
  object space 74752K, 25% used [0x0000000080e00000,0x0000000082077968,0x0000000085700000)
 Metaspace       used 49366K, capacity 51148K, committed 51200K, reserved 1093632K
  class space    used 6668K, capacity 7140K, committed 7168K, reserved 1048576K
Event: 14.321 GC heap after
Heap after GC invocations=13 (full 2):
 PSYoungGen      total 279552K, used 15633K [0x00000000d5a00000, 0x00000000edd00000, 0x0000000100000000)
  eden space 263168K, 0% used [0x00000000d5a00000,0x00000000d5a00000,0x00000000e5b00000)
  from space 16384K, 95% used [0x00000000e5b00000,0x00000000e6a447c8,0x00000000e6b00000)
  to   space 17920K, 0% used [0x00000000ecb80000,0x00000000ecb80000,0x00000000edd00000)
 ParOldGen       total 74752K, used 31639K [0x0000000080e00000, 0x0000000085700000, 0x00000000d5a00000)
  object space 74752K, 42% used [0x0000000080e00000,0x0000000082ce5d68,0x0000000085700000)
 Metaspace       used 49366K, capacity 51148K, committed 51200K, reserved 1093632K
  class space    used 6668K, capacity 7140K, committed 7168K, reserved 1048576K
}
Event: 19.312 GC heap before
{Heap before GC invocations=14 (full 2):
 PSYoungGen      total 279552K, used 278801K [0x00000000d5a00000, 0x00000000edd00000, 0x0000000100000000)
  eden space 263168K, 100% used [0x00000000d5a00000,0x00000000e5b00000,0x00000000e5b00000)
  from space 16384K, 95% used [0x00000000e5b00000,0x00000000e6a447c8,0x00000000e6b00000)
  to   space 17920K, 0% used [0x00000000ecb80000,0x00000000ecb80000,0x00000000edd00000)
 ParOldGen       total 74752K, used 31639K [0x0000000080e00000, 0x0000000085700000, 0x00000000d5a00000)
  object space 74752K, 42% used [0x0000000080e00000,0x0000000082ce5d68,0x0000000085700000)
 Metaspace       used 53464K, capacity 55696K, committed 55936K, reserved 1097728K
  class space    used 7176K, capacity 7778K, committed 7808K, reserved 1048576K
Event: 19.350 GC heap after
Heap after GC invocations=14 (full 2):
 PSYoungGen      total 371712K, used 16639K [0x00000000d5a00000, 0x00000000edc00000, 0x0000000100000000)
  eden space 354816K, 0% used [0x00000000d5a00000,0x00000000d5a00000,0x00000000eb480000)
  from space 16896K, 98% used [0x00000000ecb80000,0x00000000edbbfdb0,0x00000000edc00000)
  to   space 19456K, 0% used [0x00000000eb600000,0x00000000eb600000,0x00000000ec900000)
 ParOldGen       total 74752K, used 45472K [0x0000000080e00000, 0x0000000085700000, 0x00000000d5a00000)
  object space 74752K, 60% used [0x0000000080e00000,0x0000000083a682c8,0x0000000085700000)
 Metaspace       used 53464K, capacity 55696K, committed 55936K, reserved 1097728K
  class space    used 7176K, capacity 7778K, committed 7808K, reserved 1048576K
}
Event: 22.312 GC heap before
{Heap before GC invocations=15 (full 2):
 PSYoungGen      total 371712K, used 371455K [0x00000000d5a00000, 0x00000000edc00000, 0x0000000100000000)
  eden space 354816K, 100% used [0x00000000d5a00000,0x00000000eb480000,0x00000000eb480000)
  from space 16896K, 98% used [0x00000000ecb80000,0x00000000edbbfdb0,0x00000000edc00000)
  to   space 19456K, 0% used [0x00000000eb600000,0x00000000eb600000,0x00000000ec900000)
 ParOldGen       total 74752K, used 45472K [0x0000000080e00000, 0x0000000085700000, 0x00000000d5a00000)
  object space 74752K, 60% used [0x0000000080e00000,0x0000000083a682c8,0x0000000085700000)
 Metaspace       used 54344K, capacity 57244K, committed 57344K, reserved 1097728K
  class space    used 7309K, capacity 8104K, committed 8192K, reserved 1048576K
Event: 22.345 GC heap after
Heap after GC invocations=15 (full 2):
 PSYoungGen      total 374272K, used 19456K [0x00000000d5a00000, 0x00000000edc00000, 0x0000000100000000)
  eden space 354816K, 0% used [0x00000000d5a00000,0x00000000d5a00000,0x00000000eb480000)
  from space 19456K, 100% used [0x00000000eb600000,0x00000000ec900000,0x00000000ec900000)
  to   space 16896K, 0% used [0x00000000ecb80000,0x00000000ecb80000,0x00000000edc00000)
 ParOldGen       total 74752K, used 61477K [0x0000000080e00000, 0x0000000085700000, 0x00000000d5a00000)
  object space 74752K, 82% used [0x0000000080e00000,0x0000000084a09570,0x0000000085700000)
 Metaspace       used 54344K, capacity 57244K, committed 57344K, reserved 1097728K
  class space    used 7309K, capacity 8104K, committed 8192K, reserved 1048576K
}
Event: 22.345 GC heap before
{Heap before GC invocations=16 (full 3):
 PSYoungGen      total 374272K, used 19456K [0x00000000d5a00000, 0x00000000edc00000, 0x0000000100000000)
  eden space 354816K, 0% used [0x00000000d5a00000,0x00000000d5a00000,0x00000000eb480000)
  from space 19456K, 100% used [0x00000000eb600000,0x00000000ec900000,0x00000000ec900000)
  to   space 16896K, 0% used [0x00000000ecb80000,0x00000000ecb80000,0x00000000edc00000)
 ParOldGen       total 74752K, used 61477K [0x0000000080e00000, 0x0000000085700000, 0x00000000d5a00000)
  object space 74752K, 82% used [0x0000000080e00000,0x0000000084a09570,0x0000000085700000)
 Metaspace       used 54344K, capacity 57244K, committed 57344K, reserved 1097728K
  class space    used 7309K, capacity 8104K, committed 8192K, reserved 1048576K
Event: 22.791 GC heap after
Heap after GC invocations=16 (full 3):
 PSYoungGen      total 374272K, used 1236K [0x00000000d5a00000, 0x00000000edc00000, 0x0000000100000000)
  eden space 354816K, 0% used [0x00000000d5a00000,0x00000000d5a00000,0x00000000eb480000)
  from space 19456K, 6% used [0x00000000eb600000,0x00000000eb735058,0x00000000ec900000)
  to   space 16896K, 0% used [0x00000000ecb80000,0x00000000ecb80000,0x00000000edc00000)
 ParOldGen       total 74752K, used 74490K [0x0000000080e00000, 0x0000000085700000, 0x00000000d5a00000)
  object space 74752K, 99% used [0x0000000080e00000,0x00000000856beb90,0x0000000085700000)
 Metaspace       used 54344K, capacity 57244K, committed 57344K, reserved 1097728K
  class space    used 7309K, capacity 8104K, committed 8192K, reserved 1048576K
}

Deoptimization events (10 events):
Event: 22.112 Thread 0x0000000002492800 Uncommon trap: reason=class_check action=maybe_recompile pc=0x0000000002ae5dc0 method=org.gradle.api.internal.artifacts.DefaultResolvedArtifact.hashCode()I @ 16
Event: 22.112 Thread 0x0000000002492800 Uncommon trap: reason=class_check action=maybe_recompile pc=0x0000000003fe26a0 method=org.gradle.api.internal.artifacts.ivyservice.resolveengine.artifact.DefaultArtifactSet.getArtifacts()Ljava/util/Set; @ 42
Event: 22.112 Thread 0x0000000002492800 Uncommon trap: reason=class_check action=maybe_recompile pc=0x0000000003fe26a0 method=org.gradle.api.internal.artifacts.ivyservice.resolveengine.artifact.DefaultArtifactSet.getArtifacts()Ljava/util/Set; @ 42
Event: 22.113 Thread 0x0000000002492800 Uncommon trap: reason=unstable_if action=reinterpret pc=0x00000000039b5e1c method=org.gradle.api.internal.artifacts.ivyservice.resolveengine.result.ComponentSelectorSerializer.read(Lorg/gradle/internal/serialize/Decoder;)Lorg/gradle/api/artifacts/componen
Event: 22.113 Thread 0x0000000002492800 Uncommon trap: reason=unstable_if action=reinterpret pc=0x00000000039c3edc method=org.gradle.api.internal.artifacts.ivyservice.resolveengine.result.ComponentSelectorSerializer.read(Lorg/gradle/internal/serialize/Decoder;)Lorg/gradle/api/artifacts/componen
Event: 22.128 Thread 0x0000000002492800 Uncommon trap: reason=null_check action=make_not_entrant pc=0x00000000040286fc method=org.gradle.api.internal.artifacts.ivyservice.DefaultIvyContextManager.withIvy(Lorg/gradle/api/Transformer;)Ljava/lang/Object; @ 7
Event: 22.162 Thread 0x0000000002492800 Uncommon trap: reason=unstable_if action=reinterpret pc=0x0000000003b78f48 method=com.android.builder.dependency.HashCodeUtils.hashCode(Ljava/lang/Object;Ljava/lang/Object;Ljava/lang/Object;Ljava/lang/Object;Ljava/lang/Object;Ljava/lang/Object;Ljava/lang/
Event: 22.164 Thread 0x0000000002492800 Uncommon trap: reason=unstable_if action=reinterpret pc=0x0000000003baab34 method=com.android.builder.dependency.HashCodeUtils.hashCode(Ljava/lang/Object;Ljava/lang/Object;Ljava/lang/Object;Ljava/lang/Object;Ljava/lang/Object;Ljava/lang/Object;Ljava/lang/
Event: 22.165 Thread 0x0000000002492800 Uncommon trap: reason=unstable_if action=reinterpret pc=0x0000000003bb5630 method=com.android.builder.dependency.HashCodeUtils.hashCode(Ljava/lang/Object;Ljava/lang/Object;Ljava/lang/Object;Ljava/lang/Object;Ljava/lang/Object;Ljava/lang/Object;Ljava/lang/
Event: 22.792 Thread 0x0000000002492800 Uncommon trap: reason=unstable_if action=reinterpret pc=0x0000000002fd54c8 method=com.android.build.gradle.internal.dependency.DependencyChecker.fillDependencyMapWithAars(Ljava/util/List;Ljava/util/Map;ZZ)V @ 41

Classes redefined (0 events):
No events

Internal exceptions (10 events):
Event: 21.308 Thread 0x0000000002492800 Exception <a 'java/security/PrivilegedActionException'> (0x00000000e30bd960) thrown at [C:\re\workspace\8-2-build-windows-amd64-cygwin\jdk8u161\10277\hotspot\src\share\vm\prims\jvm.cpp, line 1390]
Event: 21.308 Thread 0x0000000002492800 Exception <a 'java/security/PrivilegedActionException'> (0x00000000e30be310) thrown at [C:\re\workspace\8-2-build-windows-amd64-cygwin\jdk8u161\10277\hotspot\src\share\vm\prims\jvm.cpp, line 1390]
Event: 21.311 Thread 0x0000000002492800 Exception <a 'java/lang/ClassNotFoundException': build_4ac1qxtig8a6o3uhz5lakicfpBeanInfo> (0x00000000e3115a30) thrown at [C:\re\workspace\8-2-build-windows-amd64-cygwin\jdk8u161\10277\hotspot\src\share\vm\classfile\systemDictionary.cpp, line 210]
Event: 21.311 Thread 0x0000000002492800 Exception <a 'java/lang/ClassNotFoundException': build_4ac1qxtig8a6o3uhz5lakicfpCustomizer> (0x00000000e312b538) thrown at [C:\re\workspace\8-2-build-windows-amd64-cygwin\jdk8u161\10277\hotspot\src\share\vm\classfile\systemDictionary.cpp, line 210]
Event: 21.327 Thread 0x0000000002492800 Exception <a 'sun/nio/fs/WindowsException'> (0x00000000e33179f0) thrown at [C:\re\workspace\8-2-build-windows-amd64-cygwin\jdk8u161\10277\hotspot\src\share\vm\prims\jni.cpp, line 709]
Event: 21.658 Thread 0x0000000002492800 Exception <a 'java/lang/ClassNotFoundException': build_15m1m67zlr9ctpdika6ykybg9BeanInfo> (0x00000000e603a710) thrown at [C:\re\workspace\8-2-build-windows-amd64-cygwin\jdk8u161\10277\hotspot\src\share\vm\classfile\systemDictionary.cpp, line 210]
Event: 21.658 Thread 0x0000000002492800 Exception <a 'java/lang/ClassNotFoundException': build_15m1m67zlr9ctpdika6ykybg9Customizer> (0x00000000e604c470) thrown at [C:\re\workspace\8-2-build-windows-amd64-cygwin\jdk8u161\10277\hotspot\src\share\vm\classfile\systemDictionary.cpp, line 210]
Event: 21.677 Thread 0x0000000002492800 Implicit null exception at 0x000000000437bd8c to 0x000000000437f941
Event: 21.678 Thread 0x0000000002492800 Exception <a 'sun/nio/fs/WindowsException'> (0x00000000e61f43f0) thrown at [C:\re\workspace\8-2-build-windows-amd64-cygwin\jdk8u161\10277\hotspot\src\share\vm\prims\jni.cpp, line 709]
Event: 22.128 Thread 0x0000000002492800 Implicit null exception at 0x00000000040277f1 to 0x00000000040286ed

Events (10 events):
Event: 22.793 Thread 0x000000001713b000 flushing nmethod 0x0000000002734b50
Event: 22.793 Thread 0x000000001713b000 flushing nmethod 0x00000000027ba150
Event: 22.796 Thread 0x000000001713b000 flushing nmethod 0x0000000002bdef10
Event: 22.796 Thread 0x000000001713b000 flushing nmethod 0x0000000002c2c090
Event: 22.806 Thread 0x000000001713b000 flushing nmethod 0x0000000003289bd0
Event: 22.806 Thread 0x000000001713b000 flushing nmethod 0x00000000032a3c10
Event: 22.808 Thread 0x000000001713b000 flushing nmethod 0x00000000037a7510
Event: 22.811 Thread 0x000000001713b000 flushing nmethod 0x0000000003d2c0d0
Event: 22.812 Thread 0x000000001713b000 flushing nmethod 0x0000000003f08d50
Event: 22.815 Thread 0x000000001713b000 flushing nmethod 0x0000000004113b50


Dynamic libraries:
0x00007ff7a45d0000 - 0x00007ff7a4607000 	C:\Program Files\Java\jdk1.8.0_161\bin\java.exe
0x00007ffdbb940000 - 0x00007ffdbbb21000 	C:\WINDOWS\SYSTEM32\ntdll.dll
0x00007ffdbab70000 - 0x00007ffdbac22000 	C:\WINDOWS\System32\KERNEL32.DLL
0x00007ffdb7f10000 - 0x00007ffdb8183000 	C:\WINDOWS\System32\KERNELBASE.dll
0x00007ffdba820000 - 0x00007ffdba8c1000 	C:\WINDOWS\System32\ADVAPI32.dll
0x00007ffdb8dd0000 - 0x00007ffdb8e6e000 	C:\WINDOWS\System32\msvcrt.dll
0x00007ffdba8d0000 - 0x00007ffdba92b000 	C:\WINDOWS\System32\sechost.dll
0x00007ffdbb080000 - 0x00007ffdbb1a4000 	C:\WINDOWS\System32\RPCRT4.dll
0x00007ffdba930000 - 0x00007ffdbaac0000 	C:\WINDOWS\System32\USER32.dll
0x00007ffdb8d60000 - 0x00007ffdb8d80000 	C:\WINDOWS\System32\win32u.dll
0x00007ffdbb370000 - 0x00007ffdbb398000 	C:\WINDOWS\System32\GDI32.dll
0x00007ffdb8190000 - 0x00007ffdb8322000 	C:\WINDOWS\System32\gdi32full.dll
0x00007ffdb7e70000 - 0x00007ffdb7f0f000 	C:\WINDOWS\System32\msvcp_win.dll
0x00007ffdb7d70000 - 0x00007ffdb7e6a000 	C:\WINDOWS\System32\ucrtbase.dll
0x00007ffdaff60000 - 0x00007ffdb01c9000 	C:\WINDOWS\WinSxS\amd64_microsoft.windows.common-controls_6595b64144ccf1df_6.0.17134.165_none_fb429645306569ac\COMCTL32.dll
0x00007ffdba320000 - 0x00007ffdba643000 	C:\WINDOWS\System32\combase.dll
0x00007ffdb8ce0000 - 0x00007ffdb8d5a000 	C:\WINDOWS\System32\bcryptPrimitives.dll
0x00007ffdbb650000 - 0x00007ffdbb67d000 	C:\WINDOWS\System32\IMM32.DLL
0x0000000068320000 - 0x00000000683f2000 	C:\Program Files\Java\jdk1.8.0_161\jre\bin\msvcr100.dll
0x00000000655f0000 - 0x0000000065e8f000 	C:\Program Files\Java\jdk1.8.0_161\jre\bin\server\jvm.dll
0x00007ffdbb1e0000 - 0x00007ffdbb1e8000 	C:\WINDOWS\System32\PSAPI.DLL
0x00007ffda7fb0000 - 0x00007ffda7fb9000 	C:\WINDOWS\SYSTEM32\WSOCK32.dll
0x00007ffdb5cb0000 - 0x00007ffdb5cd3000 	C:\WINDOWS\SYSTEM32\WINMM.dll
0x00007ffdb2410000 - 0x00007ffdb241a000 	C:\WINDOWS\SYSTEM32\VERSION.dll
0x00007ffdba6f0000 - 0x00007ffdba75c000 	C:\WINDOWS\System32\WS2_32.dll
0x00007ffdb5c80000 - 0x00007ffdb5caa000 	C:\WINDOWS\SYSTEM32\WINMMBASE.dll
0x00007ffdb8d80000 - 0x00007ffdb8dc9000 	C:\WINDOWS\System32\cfgmgr32.dll
0x0000000068310000 - 0x000000006831f000 	C:\Program Files\Java\jdk1.8.0_161\jre\bin\verify.dll
0x00000000682e0000 - 0x0000000068309000 	C:\Program Files\Java\jdk1.8.0_161\jre\bin\java.dll
0x00000000682c0000 - 0x00000000682d6000 	C:\Program Files\Java\jdk1.8.0_161\jre\bin\zip.dll
0x00007ffdb8ee0000 - 0x00007ffdba320000 	C:\WINDOWS\System32\SHELL32.dll
0x00007ffdbaac0000 - 0x00007ffdbab69000 	C:\WINDOWS\System32\shcore.dll
0x00007ffdb8330000 - 0x00007ffdb8a3d000 	C:\WINDOWS\System32\windows.storage.dll
0x00007ffdb8e80000 - 0x00007ffdb8ed1000 	C:\WINDOWS\System32\shlwapi.dll
0x00007ffdb7c50000 - 0x00007ffdb7c61000 	C:\WINDOWS\System32\kernel.appcore.dll
0x00007ffdb7c70000 - 0x00007ffdb7c8f000 	C:\WINDOWS\System32\profapi.dll
0x00007ffdb7cc0000 - 0x00007ffdb7d0c000 	C:\WINDOWS\System32\powrprof.dll
0x00007ffdb7c90000 - 0x00007ffdb7c9a000 	C:\WINDOWS\System32\FLTLIB.DLL
0x00000000682a0000 - 0x00000000682ba000 	C:\Program Files\Java\jdk1.8.0_161\jre\bin\net.dll
0x00007ffdb74d0000 - 0x00007ffdb7536000 	C:\WINDOWS\system32\mswsock.dll
0x0000000068280000 - 0x0000000068291000 	C:\Program Files\Java\jdk1.8.0_161\jre\bin\nio.dll
0x00007ffda5f90000 - 0x00007ffda5fa2000 	C:\Users\giorgi.bibilashvili\.gradle\native\19\windows-amd64\native-platform.dll
0x0000000180000000 - 0x0000000180037000 	C:\Users\giorgi.bibilashvili\.gradle\native\jna\win32-amd64\jnidispatch.dll
0x00007ffdb7680000 - 0x00007ffdb7697000 	C:\WINDOWS\SYSTEM32\CRYPTSP.dll
0x00007ffdb70b0000 - 0x00007ffdb70e3000 	C:\WINDOWS\system32\rsaenh.dll
0x00007ffdb77b0000 - 0x00007ffdb77d5000 	C:\WINDOWS\SYSTEM32\bcrypt.dll
0x00007ffdb7b50000 - 0x00007ffdb7b78000 	C:\WINDOWS\SYSTEM32\USERENV.dll
0x00007ffdb76a0000 - 0x00007ffdb76ab000 	C:\WINDOWS\SYSTEM32\CRYPTBASE.dll
0x00007ffdb7250000 - 0x00007ffdb7288000 	C:\WINDOWS\SYSTEM32\IPHLPAPI.DLL
0x00007ffdbb1b0000 - 0x00007ffdbb1b8000 	C:\WINDOWS\System32\NSI.dll
0x00007ffdb3f70000 - 0x00007ffdb3f86000 	C:\WINDOWS\SYSTEM32\dhcpcsvc6.DLL
0x00007ffdb3f10000 - 0x00007ffdb3f2a000 	C:\WINDOWS\SYSTEM32\dhcpcsvc.DLL
0x0000000068270000 - 0x000000006827d000 	C:\Program Files\Java\jdk1.8.0_161\jre\bin\management.dll
0x0000000068240000 - 0x0000000068264000 	C:\Program Files\Java\jdk1.8.0_161\jre\bin\sunec.dll
0x00007ffdb7290000 - 0x00007ffdb734e000 	C:\WINDOWS\SYSTEM32\DNSAPI.dll
0x00007ffdaeed0000 - 0x00007ffdaeeda000 	C:\Windows\System32\rasadhlp.dll
0x00007ffdb3f90000 - 0x00007ffdb4002000 	C:\WINDOWS\System32\fwpuclnt.dll
0x0000000068230000 - 0x000000006823b000 	C:\Program Files\Java\jdk1.8.0_161\jre\bin\sunmscapi.dll
0x00007ffdb8af0000 - 0x00007ffdb8cd2000 	C:\WINDOWS\System32\CRYPT32.dll
0x00007ffdb7ca0000 - 0x00007ffdb7cb2000 	C:\WINDOWS\System32\MSASN1.dll

VM Arguments:
jvm_args: -Dorg.gradle.appname=gradlew 
java_command: org.gradle.wrapper.GradleWrapperMain installDebug
java_class_path (initial): D:\react\haccp\android\\gradle\wrapper\gradle-wrapper.jar
Launcher Type: SUN_STANDARD

Environment Variables:
JAVA_HOME=C:\Program Files\Java\jdk1.8.0_161
CLASSPATH=D:\react\haccp\android\\gradle\wrapper\gradle-wrapper.jar
PATH=C:\Program Files (x86)\Common Files\Oracle\Java\javapath;C:\ProgramData\Oracle\Java\javapath;C:\WINDOWS\system32;C:\WINDOWS;C:\WINDOWS\System32\Wbem;C:\WINDOWS\System32\WindowsPowerShell\v1.0\;C:\Program Files\Git\cmd;C:\Users\giorgi.bibilashvili\AppData\Roaming\nvm;C:\Program Files\nodejs;D:\xampp7\php;C:\composer;C:\Program Files\dotnet\;C:\Program Files\Microsoft SQL Server\130\Tools\Binn\;C:\WINDOWS\System32\OpenSSH\;C:\Program Files (x86)\Microsoft SQL Server\Client SDK\ODBC\130\Tools\Binn\;C:\Program Files (x86)\Microsoft SQL Server\140\Tools\Binn\;C:\Program Files (x86)\Microsoft SQL Server\140\DTS\Binn\;C:\Program Files (x86)\Microsoft SQL Server\140\Tools\Binn\ManagementStudio\;C:\Users\giorgi.bibilashvili\AppData\Local\Microsoft\WindowsApps;C:\Program Files\Microsoft VS Code\bin;C:\Users\giorgi.bibilashvili\AppData\Roaming\nvm;C:\Program Files\nodejs;C:\Users\giorgi.bibilashvili\AppData\Local\Android\Sdk\emulator;C:\Users\giorgi.bibilashvili\AppData\Roaming\Composer\vendor\bin;C:\Users\giorgi.bibilashvili\AppData\Local\Android\Sdk\tools;C:\Users\giorgi.bibilashvili\AppData\Local\Android\Sdk\platform-tools;C:\Users\giorgi.bibilashvili\AppData\Local\Android\Sdk\build-tools;C:\Program Files\Java\jdk1.8.0_161\bin;
USERNAME=giorgi.bibilashvili
OS=Windows_NT
PROCESSOR_IDENTIFIER=Intel64 Family 6 Model 158 Stepping 9, GenuineIntel



---------------  S Y S T E M  ---------------

OS: Windows 10.0 , 64 bit Build 17134 (10.0.17134.1)

CPU:total 4 (initial active 4) (4 cores per cpu, 1 threads per core) family 6 model 158 stepping 9, cmov, cx8, fxsr, mmx, sse, sse2, sse3, ssse3, sse4.1, sse4.2, popcnt, avx, avx2, aes, clmul, erms, 3dnowpref, lzcnt, tsc, tscinvbit, bmi1, bmi2, adx

Memory: 4k page, physical 8324844k(1155756k free), swap 21307996k(1448k free)

vm_info: Java HotSpot(TM) 64-Bit Server VM (25.161-b12) for windows-amd64 JRE (1.8.0_161-b12), built on Dec 19 2017 17:52:25 by "java_re" with MS VC++ 10.0 (VS2010)

time: Fri Jul 27 14:50:48 2018
elapsed time: 22 seconds (0d 0h 0m 22s)

