#
# There is insufficient memory for the Java Runtime Environment to continue.
# Native memory allocation (malloc) failed to allocate 245856 bytes for Chunk::new
# Possible reasons:
#   The system is out of physical RAM or swap space
#   In 32 bit mode, the process size limit was hit
# Possible solutions:
#   Reduce memory load on the system
#   Increase physical memory or swap space
#   Check if swap backing store is full
#   Use 64 bit Java on a 64 bit OS
#   Decrease Java heap size (-Xmx/-Xms)
#   Decrease number of Java threads
#   Decrease Java thread stack sizes (-Xss)
#   Set larger code cache with -XX:ReservedCodeCacheSize=
# This output file may be truncated or incomplete.
#
#  Out of Memory Error (allocation.cpp:390), pid=4480, tid=0x0000000000001fc4
#
# JRE version: Java(TM) SE Runtime Environment (8.0_161-b12) (build 1.8.0_161-b12)
# Java VM: Java HotSpot(TM) 64-Bit Server VM (25.161-b12 mixed mode windows-amd64 compressed oops)
# Failed to write core dump. Minidumps are not enabled by default on client versions of Windows
#

---------------  T H R E A D  ---------------

Current thread (0x0000000017eb2000):  JavaThread "C2 CompilerThread0" daemon [_thread_in_native, id=8132, stack(0x0000000019520000,0x0000000019620000)]

Stack: [0x0000000019520000,0x0000000019620000]
[error occurred during error reporting (printing stack bounds), id 0xc0000005]

Native frames: (J=compiled Java code, j=interpreted, Vv=VM code, C=native code)


Current CompileTask:
C2:  52951 10156       4       org.gradle.api.internal.artifacts.configurations.DefaultConfiguration_Decorated::getArtifacts (25 bytes)


---------------  P R O C E S S  ---------------

Java Threads: ( => current thread )
  0x000000001d621800 JavaThread "File lock request listener" [_thread_in_native, id=9384, stack(0x000000001f6a0000,0x000000001f7a0000)]
  0x000000001ba95000 JavaThread "pool-1-thread-1" [_thread_blocked, id=9284, stack(0x000000001a690000,0x000000001a790000)]
  0x0000000019843000 JavaThread "Service Thread" daemon [_thread_blocked, id=2920, stack(0x0000000019c20000,0x0000000019d20000)]
  0x0000000017eb8800 JavaThread "C1 CompilerThread2" daemon [_thread_blocked, id=10836, stack(0x0000000019720000,0x0000000019820000)]
  0x0000000017eb5800 JavaThread "C2 CompilerThread1" daemon [_thread_in_native, id=2288, stack(0x0000000019620000,0x0000000019720000)]
=>0x0000000017eb2000 JavaThread "C2 CompilerThread0" daemon [_thread_in_native, id=8132, stack(0x0000000019520000,0x0000000019620000)]
  0x0000000017eb0000 JavaThread "Attach Listener" daemon [_thread_blocked, id=2656, stack(0x0000000019420000,0x0000000019520000)]
  0x0000000017ead000 JavaThread "Signal Dispatcher" daemon [_thread_blocked, id=3500, stack(0x0000000019320000,0x0000000019420000)]
  0x0000000017e9a800 JavaThread "Finalizer" daemon [_thread_blocked, id=6808, stack(0x0000000019130000,0x0000000019230000)]
  0x0000000017e79000 JavaThread "Reference Handler" daemon [_thread_blocked, id=4868, stack(0x0000000019030000,0x0000000019130000)]
  0x0000000003212800 JavaThread "main" [_thread_in_native, id=10464, stack(0x0000000003110000,0x0000000003210000)]

Other Threads:
  0x0000000017e77800 VMThread [stack: 0x0000000018f30000,0x0000000019030000] [id=5244]
  0x000000001986d000 WatcherThread [stack: 0x0000000019d20000,0x0000000019e20000] [id=8320]

VM state:not at safepoint (normal execution)

VM Mutex/Monitor currently owned by a thread: None

Heap:
 PSYoungGen      total 255488K, used 144748K [0x00000000d5a00000, 0x00000000e6500000, 0x0000000100000000)
  eden space 239104K, 53% used [0x00000000d5a00000,0x00000000dd75b388,0x00000000e4380000)
  from space 16384K, 100% used [0x00000000e4500000,0x00000000e5500000,0x00000000e5500000)
  to   space 11776K, 0% used [0x00000000e5980000,0x00000000e5980000,0x00000000e6500000)
 ParOldGen       total 77824K, used 51693K [0x0000000080e00000, 0x0000000085a00000, 0x00000000d5a00000)
  object space 77824K, 66% used [0x0000000080e00000,0x000000008407b7f8,0x0000000085a00000)
 Metaspace       used 54450K, capacity 57264K, committed 57472K, reserved 1099776K
  class space    used 7301K, capacity 8056K, committed 8064K, reserved 1048576K

Card table byte_map: [0x00000000126d0000,0x0000000012ad0000] byte_map_base: 0x00000000122c9000

Marking Bits: (ParMarkBitMap*) 0x0000000065e0f860
 Begin Bits: [0x0000000013180000, 0x0000000015148000)
 End Bits:   [0x0000000015148000, 0x0000000017110000)

Polling page: 0x0000000002fd0000

CodeCache: size=245760Kb used=31182Kb max_used=31704Kb free=214577Kb
 bounds [0x0000000003310000, 0x0000000005230000, 0x0000000012310000]
 total_blobs=9522 nmethods=8759 adapters=673
 compilation: enabled

Compilation events (10 events):
Event: 52.898 Thread 0x0000000017eb8800 10151       3       com.android.xml.AndroidXPathFactory$AndroidNamespaceContext::getNamespaceURI (21 bytes)
Event: 52.898 Thread 0x0000000017eb8800 nmethod 10151 0x0000000005229c50 code [0x0000000005229dc0, 0x000000000522a068]
Event: 52.898 Thread 0x0000000017eb8800 10152       3       com.sun.org.apache.xpath.internal.axes.NodeSequence::markCacheComplete (18 bytes)
Event: 52.899 Thread 0x0000000017eb8800 nmethod 10152 0x0000000005229690 code [0x0000000005229820, 0x0000000005229b58]
Event: 52.899 Thread 0x0000000017eb8800 10153       3       java.util.RegularEnumSet::isEmpty (15 bytes)
Event: 52.899 Thread 0x0000000017eb8800 nmethod 10153 0x0000000005229310 code [0x0000000005229460, 0x0000000005229610]
Event: 52.899 Thread 0x0000000017eb8800 10154       3       sun.reflect.annotation.AnnotationParser::parseMemberValue (162 bytes)
Event: 52.904 Thread 0x0000000017eb2000 

Event: 52.914 Thread 0x0000000017eb8800 

Event: 52.917 Thread 0x0000000017eb2000 10156       4       org.gradle.api.internal.artifacts.configurations.DefaultConfiguration_Decorated::getArtifacts (25 bytes)

GC Heap History (10 events):
Event: 21.131 GC heap before
{Heap before GC invocations=13 (full 2):
 PSYoungGen      total 153600K, used 153374K [0x00000000d5a00000, 0x00000000e0c80000, 0x0000000100000000)
  eden space 144384K, 100% used [0x00000000d5a00000,0x00000000de700000,0x00000000de700000)
  from space 9216K, 97% used [0x00000000e0380000,0x00000000e0c479c8,0x00000000e0c80000)
  to   space 12288K, 0% used [0x00000000df480000,0x00000000df480000,0x00000000e0080000)
 ParOldGen       total 77824K, used 18832K [0x0000000080e00000, 0x0000000085a00000, 0x00000000d5a00000)
  object space 77824K, 24% used [0x0000000080e00000,0x00000000820640e0,0x0000000085a00000)
 Metaspace       used 46752K, capacity 47906K, committed 48128K, reserved 1091584K
  class space    used 6302K, capacity 6646K, committed 6656K, reserved 1048576K
Event: 21.143 GC heap after
Heap after GC invocations=13 (full 2):
 PSYoungGen      total 170496K, used 12286K [0x00000000d5a00000, 0x00000000e3200000, 0x0000000100000000)
  eden space 158208K, 0% used [0x00000000d5a00000,0x00000000d5a00000,0x00000000df480000)
  from space 12288K, 99% used [0x00000000df480000,0x00000000e007fab0,0x00000000e0080000)
  to   space 15872K, 0% used [0x00000000e2280000,0x00000000e2280000,0x00000000e3200000)
 ParOldGen       total 77824K, used 24103K [0x0000000080e00000, 0x0000000085a00000, 0x00000000d5a00000)
  object space 77824K, 30% used [0x0000000080e00000,0x0000000082589ef8,0x0000000085a00000)
 Metaspace       used 46752K, capacity 47906K, committed 48128K, reserved 1091584K
  class space    used 6302K, capacity 6646K, committed 6656K, reserved 1048576K
}
Event: 22.113 GC heap before
{Heap before GC invocations=14 (full 2):
 PSYoungGen      total 170496K, used 170494K [0x00000000d5a00000, 0x00000000e3200000, 0x0000000100000000)
  eden space 158208K, 100% used [0x00000000d5a00000,0x00000000df480000,0x00000000df480000)
  from space 12288K, 99% used [0x00000000df480000,0x00000000e007fab0,0x00000000e0080000)
  to   space 15872K, 0% used [0x00000000e2280000,0x00000000e2280000,0x00000000e3200000)
 ParOldGen       total 77824K, used 24103K [0x0000000080e00000, 0x0000000085a00000, 0x00000000d5a00000)
  object space 77824K, 30% used [0x0000000080e00000,0x0000000082589ef8,0x0000000085a00000)
 Metaspace       used 50330K, capacity 51786K, committed 52096K, reserved 1093632K
  class space    used 6800K, capacity 7180K, committed 7296K, reserved 1048576K
Event: 22.129 GC heap after
Heap after GC invocations=14 (full 2):
 PSYoungGen      total 205824K, used 6677K [0x00000000d5a00000, 0x00000000e4500000, 0x0000000100000000)
  eden space 189952K, 0% used [0x00000000d5a00000,0x00000000d5a00000,0x00000000e1380000)
  from space 15872K, 42% used [0x00000000e2280000,0x00000000e2905610,0x00000000e3200000)
  to   space 15360K, 0% used [0x00000000e1380000,0x00000000e1380000,0x00000000e2280000)
 ParOldGen       total 77824K, used 29811K [0x0000000080e00000, 0x0000000085a00000, 0x00000000d5a00000)
  object space 77824K, 38% used [0x0000000080e00000,0x0000000082b1ce30,0x0000000085a00000)
 Metaspace       used 50330K, capacity 51786K, committed 52096K, reserved 1093632K
  class space    used 6800K, capacity 7180K, committed 7296K, reserved 1048576K
}
Event: 29.992 GC heap before
{Heap before GC invocations=15 (full 2):
 PSYoungGen      total 205824K, used 196629K [0x00000000d5a00000, 0x00000000e4500000, 0x0000000100000000)
  eden space 189952K, 100% used [0x00000000d5a00000,0x00000000e1380000,0x00000000e1380000)
  from space 15872K, 42% used [0x00000000e2280000,0x00000000e2905610,0x00000000e3200000)
  to   space 15360K, 0% used [0x00000000e1380000,0x00000000e1380000,0x00000000e2280000)
 ParOldGen       total 77824K, used 29811K [0x0000000080e00000, 0x0000000085a00000, 0x00000000d5a00000)
  object space 77824K, 38% used [0x0000000080e00000,0x0000000082b1ce30,0x0000000085a00000)
 Metaspace       used 52582K, capacity 54418K, committed 54784K, reserved 1095680K
  class space    used 7098K, capacity 7563K, committed 7680K, reserved 1048576K
Event: 30.010 GC heap after
Heap after GC invocations=15 (full 2):
 PSYoungGen      total 205312K, used 12457K [0x00000000d5a00000, 0x00000000e6980000, 0x0000000100000000)
  eden space 189952K, 0% used [0x00000000d5a00000,0x00000000d5a00000,0x00000000e1380000)
  from space 15360K, 81% used [0x00000000e1380000,0x00000000e1faa708,0x00000000e2280000)
  to   space 16384K, 0% used [0x00000000e5980000,0x00000000e5980000,0x00000000e6980000)
 ParOldGen       total 77824K, used 35321K [0x0000000080e00000, 0x0000000085a00000, 0x00000000d5a00000)
  object space 77824K, 45% used [0x0000000080e00000,0x000000008307e650,0x0000000085a00000)
 Metaspace       used 52582K, capacity 54418K, committed 54784K, reserved 1095680K
  class space    used 7098K, capacity 7563K, committed 7680K, reserved 1048576K
}
Event: 38.830 GC heap before
{Heap before GC invocations=16 (full 2):
 PSYoungGen      total 205312K, used 202409K [0x00000000d5a00000, 0x00000000e6980000, 0x0000000100000000)
  eden space 189952K, 100% used [0x00000000d5a00000,0x00000000e1380000,0x00000000e1380000)
  from space 15360K, 81% used [0x00000000e1380000,0x00000000e1faa708,0x00000000e2280000)
  to   space 16384K, 0% used [0x00000000e5980000,0x00000000e5980000,0x00000000e6980000)
 ParOldGen       total 77824K, used 35321K [0x0000000080e00000, 0x0000000085a00000, 0x00000000d5a00000)
  object space 77824K, 45% used [0x0000000080e00000,0x000000008307e650,0x0000000085a00000)
 Metaspace       used 53501K, capacity 55574K, committed 55680K, reserved 1097728K
  class space    used 7172K, capacity 7727K, committed 7808K, reserved 1048576K
Event: 38.847 GC heap after
Heap after GC invocations=16 (full 2):
 PSYoungGen      total 250880K, used 11412K [0x00000000d5a00000, 0x00000000e6500000, 0x0000000100000000)
  eden space 239104K, 0% used [0x00000000d5a00000,0x00000000d5a00000,0x00000000e4380000)
  from space 11776K, 96% used [0x00000000e5980000,0x00000000e64a53b0,0x00000000e6500000)
  to   space 16384K, 0% used [0x00000000e4500000,0x00000000e4500000,0x00000000e5500000)
 ParOldGen       total 77824K, used 45430K [0x0000000080e00000, 0x0000000085a00000, 0x00000000d5a00000)
  object space 77824K, 58% used [0x0000000080e00000,0x0000000083a5db48,0x0000000085a00000)
 Metaspace       used 53501K, capacity 55574K, committed 55680K, reserved 1097728K
  class space    used 7172K, capacity 7727K, committed 7808K, reserved 1048576K
}
Event: 50.520 GC heap before
{Heap before GC invocations=17 (full 2):
 PSYoungGen      total 250880K, used 250516K [0x00000000d5a00000, 0x00000000e6500000, 0x0000000100000000)
  eden space 239104K, 100% used [0x00000000d5a00000,0x00000000e4380000,0x00000000e4380000)
  from space 11776K, 96% used [0x00000000e5980000,0x00000000e64a53b0,0x00000000e6500000)
  to   space 16384K, 0% used [0x00000000e4500000,0x00000000e4500000,0x00000000e5500000)
 ParOldGen       total 77824K, used 45430K [0x0000000080e00000, 0x0000000085a00000, 0x00000000d5a00000)
  object space 77824K, 58% used [0x0000000080e00000,0x0000000083a5db48,0x0000000085a00000)
 Metaspace       used 54157K, capacity 56766K, committed 56960K, reserved 1097728K
  class space    used 7264K, capacity 7958K, committed 8064K, reserved 1048576K
Event: 50.545 GC heap after
Heap after GC invocations=17 (full 2):
 PSYoungGen      total 255488K, used 16384K [0x00000000d5a00000, 0x00000000e6500000, 0x0000000100000000)
  eden space 239104K, 0% used [0x00000000d5a00000,0x00000000d5a00000,0x00000000e4380000)
  from space 16384K, 100% used [0x00000000e4500000,0x00000000e5500000,0x00000000e5500000)
  to   space 11776K, 0% used [0x00000000e5980000,0x00000000e5980000,0x00000000e6500000)
 ParOldGen       total 77824K, used 51693K [0x0000000080e00000, 0x0000000085a00000, 0x00000000d5a00000)
  object space 77824K, 66% used [0x0000000080e00000,0x000000008407b7f8,0x0000000085a00000)
 Metaspace       used 54157K, capacity 56766K, committed 56960K, reserved 1097728K
  class space    used 7264K, capacity 7958K, committed 8064K, reserved 1048576K
}

Deoptimization events (10 events):
Event: 39.018 Thread 0x0000000003212800 Uncommon trap: reason=unstable_if action=reinterpret pc=0x000000000448045c method=java.io.BufferedReader.readLine(Z)Ljava/lang/String; @ 192
Event: 39.019 Thread 0x0000000003212800 Uncommon trap: reason=unstable_if action=reinterpret pc=0x0000000004d39830 method=org.apache.xerces.impl.XMLDocumentFragmentScannerImpl.scanContent()I @ 90
Event: 40.469 Thread 0x0000000003212800 Uncommon trap: reason=unstable_if action=reinterpret pc=0x0000000004f3a248 method=org.gradle.api.internal.artifacts.ivyservice.ivyresolve.strategy.DefaultVersionSelectorScheme.parseSelector(Ljava/lang/String;)Lorg/gradle/api/internal/artifacts/ivyservice/
Event: 46.756 Thread 0x0000000003212800 Uncommon trap: reason=unstable_if action=reinterpret pc=0x0000000003a1ef8c method=java.lang.ThreadLocal$ThreadLocalMap.getEntry(Ljava/lang/ThreadLocal;)Ljava/lang/ThreadLocal$ThreadLocalMap$Entry; @ 29
Event: 46.756 Thread 0x0000000003212800 Uncommon trap: reason=unstable_if action=reinterpret pc=0x000000000436bdf4 method=java.lang.ThreadLocal$ThreadLocalMap.set(Ljava/lang/ThreadLocal;Ljava/lang/Object;)V @ 44
Event: 46.756 Thread 0x0000000003212800 Uncommon trap: reason=unstable_if action=reinterpret pc=0x000000000472e114 method=java.lang.ThreadLocal$ThreadLocalMap.set(Ljava/lang/ThreadLocal;Ljava/lang/Object;)V @ 44
Event: 49.307 Thread 0x0000000003212800 Uncommon trap: reason=class_check action=maybe_recompile pc=0x0000000003b43f24 method=java.util.AbstractList.equals(Ljava/lang/Object;)Z @ 8
Event: 49.406 Thread 0x0000000003212800 Uncommon trap: reason=null_check action=make_not_entrant pc=0x0000000004f915a0 method=org.gradle.api.internal.collections.CollectionFilter.filter(Ljava/lang/Object;)Ljava/lang/Object; @ 5
Event: 49.910 Thread 0x0000000003212800 Uncommon trap: reason=class_check action=maybe_recompile pc=0x0000000003b43f24 method=java.util.AbstractList.equals(Ljava/lang/Object;)Z @ 8
Event: 50.442 Thread 0x0000000003212800 Uncommon trap: reason=class_check action=maybe_recompile pc=0x0000000003b43f24 method=java.util.AbstractList.equals(Ljava/lang/Object;)Z @ 8

Classes redefined (0 events):
No events

Internal exceptions (10 events):
Event: 51.252 Thread 0x0000000003212800 Exception <a 'java/lang/ClassNotFoundException': build_4ac1qxtig8a6o3uhz5lakicfpCustomizer> (0x00000000da0bf0f0) thrown at [C:\re\workspace\8-2-build-windows-amd64-cygwin\jdk8u161\10277\hotspot\src\share\vm\classfile\systemDictionary.cpp, line 210]
Event: 52.573 Thread 0x0000000003212800 Exception <a 'java/security/PrivilegedActionException'> (0x00000000dabab550) thrown at [C:\re\workspace\8-2-build-windows-amd64-cygwin\jdk8u161\10277\hotspot\src\share\vm\prims\jvm.cpp, line 1390]
Event: 52.573 Thread 0x0000000003212800 Exception <a 'java/security/PrivilegedActionException'> (0x00000000dababf00) thrown at [C:\re\workspace\8-2-build-windows-amd64-cygwin\jdk8u161\10277\hotspot\src\share\vm\prims\jvm.cpp, line 1390]
Event: 52.581 Thread 0x0000000003212800 Exception <a 'java/security/PrivilegedActionException'> (0x00000000daceb870) thrown at [C:\re\workspace\8-2-build-windows-amd64-cygwin\jdk8u161\10277\hotspot\src\share\vm\prims\jvm.cpp, line 1390]
Event: 52.581 Thread 0x0000000003212800 Exception <a 'java/security/PrivilegedActionException'> (0x00000000dacec220) thrown at [C:\re\workspace\8-2-build-windows-amd64-cygwin\jdk8u161\10277\hotspot\src\share\vm\prims\jvm.cpp, line 1390]
Event: 52.581 Thread 0x0000000003212800 Exception <a 'java/security/PrivilegedActionException'> (0x00000000daceecb8) thrown at [C:\re\workspace\8-2-build-windows-amd64-cygwin\jdk8u161\10277\hotspot\src\share\vm\prims\jvm.cpp, line 1390]
Event: 52.581 Thread 0x0000000003212800 Exception <a 'java/security/PrivilegedActionException'> (0x00000000dacef668) thrown at [C:\re\workspace\8-2-build-windows-amd64-cygwin\jdk8u161\10277\hotspot\src\share\vm\prims\jvm.cpp, line 1390]
Event: 52.583 Thread 0x0000000003212800 Exception <a 'java/lang/ClassNotFoundException': build_4ac1qxtig8a6o3uhz5lakicfpBeanInfo> (0x00000000dad46d88) thrown at [C:\re\workspace\8-2-build-windows-amd64-cygwin\jdk8u161\10277\hotspot\src\share\vm\classfile\systemDictionary.cpp, line 210]
Event: 52.583 Thread 0x0000000003212800 Exception <a 'java/lang/ClassNotFoundException': build_4ac1qxtig8a6o3uhz5lakicfpCustomizer> (0x00000000dad5c890) thrown at [C:\re\workspace\8-2-build-windows-amd64-cygwin\jdk8u161\10277\hotspot\src\share\vm\classfile\systemDictionary.cpp, line 210]
Event: 52.603 Thread 0x0000000003212800 Exception <a 'sun/nio/fs/WindowsException'> (0x00000000daf515d8) thrown at [C:\re\workspace\8-2-build-windows-amd64-cygwin\jdk8u161\10277\hotspot\src\share\vm\prims\jni.cpp, line 709]

Events (10 events):
Event: 52.905 Thread 0x0000000017eb8800 flushing nmethod 0x00000000047afd50
Event: 52.905 Thread 0x0000000017eb8800 flushing nmethod 0x0000000004831890
Event: 52.905 Thread 0x0000000017eb8800 flushing nmethod 0x00000000048327d0
Event: 52.905 Thread 0x0000000017eb8800 flushing nmethod 0x0000000004835810
Event: 52.905 Thread 0x0000000017eb8800 flushing nmethod 0x00000000048402d0
Event: 52.905 Thread 0x0000000017eb8800 flushing nmethod 0x000000000486b950
Event: 52.905 Thread 0x0000000017eb8800 flushing nmethod 0x00000000048827d0
Event: 52.905 Thread 0x0000000017eb8800 flushing nmethod 0x00000000049e5490
Event: 52.906 Thread 0x0000000017eb8800 flushing nmethod 0x0000000004b74cd0
Event: 52.906 Thread 0x0000000017eb8800 flushing nmethod 0x0000000004c58f10


Dynamic libraries:
0x00007ff7a45d0000 - 0x00007ff7a4607000 	C:\Program Files\Java\jdk1.8.0_161\bin\java.exe
0x00007ffdbb940000 - 0x00007ffdbbb21000 	C:\WINDOWS\SYSTEM32\ntdll.dll
0x00007ffdbab70000 - 0x00007ffdbac22000 	C:\WINDOWS\System32\KERNEL32.DLL
0x00007ffdb7f10000 - 0x00007ffdb8183000 	C:\WINDOWS\System32\KERNELBASE.dll
0x00007ffdba820000 - 0x00007ffdba8c1000 	C:\WINDOWS\System32\ADVAPI32.dll
0x00007ffdb8dd0000 - 0x00007ffdb8e6e000 	C:\WINDOWS\System32\msvcrt.dll
0x00007ffdba8d0000 - 0x00007ffdba92b000 	C:\WINDOWS\System32\sechost.dll
0x00007ffdbb080000 - 0x00007ffdbb1a4000 	C:\WINDOWS\System32\RPCRT4.dll
0x00007ffdba930000 - 0x00007ffdbaac0000 	C:\WINDOWS\System32\USER32.dll
0x00007ffdb8d60000 - 0x00007ffdb8d80000 	C:\WINDOWS\System32\win32u.dll
0x00007ffdbb370000 - 0x00007ffdbb398000 	C:\WINDOWS\System32\GDI32.dll
0x00007ffdb8190000 - 0x00007ffdb8322000 	C:\WINDOWS\System32\gdi32full.dll
0x00007ffdb7e70000 - 0x00007ffdb7f0f000 	C:\WINDOWS\System32\msvcp_win.dll
0x00007ffdb7d70000 - 0x00007ffdb7e6a000 	C:\WINDOWS\System32\ucrtbase.dll
0x00007ffdaff60000 - 0x00007ffdb01c9000 	C:\WINDOWS\WinSxS\amd64_microsoft.windows.common-controls_6595b64144ccf1df_6.0.17134.165_none_fb429645306569ac\COMCTL32.dll
0x00007ffdba320000 - 0x00007ffdba643000 	C:\WINDOWS\System32\combase.dll
0x00007ffdb8ce0000 - 0x00007ffdb8d5a000 	C:\WINDOWS\System32\bcryptPrimitives.dll
0x00007ffdbb650000 - 0x00007ffdbb67d000 	C:\WINDOWS\System32\IMM32.DLL
0x0000000068320000 - 0x00000000683f2000 	C:\Program Files\Java\jdk1.8.0_161\jre\bin\msvcr100.dll
0x00000000655f0000 - 0x0000000065e8f000 	C:\Program Files\Java\jdk1.8.0_161\jre\bin\server\jvm.dll
0x00007ffdbb1e0000 - 0x00007ffdbb1e8000 	C:\WINDOWS\System32\PSAPI.DLL
0x00007ffdb2410000 - 0x00007ffdb241a000 	C:\WINDOWS\SYSTEM32\VERSION.dll
0x00007ffdb5cb0000 - 0x00007ffdb5cd3000 	C:\WINDOWS\SYSTEM32\WINMM.dll
0x00007ffda7fb0000 - 0x00007ffda7fb9000 	C:\WINDOWS\SYSTEM32\WSOCK32.dll
0x00007ffdb5c80000 - 0x00007ffdb5caa000 	C:\WINDOWS\SYSTEM32\WINMMBASE.dll
0x00007ffdb8d80000 - 0x00007ffdb8dc9000 	C:\WINDOWS\System32\cfgmgr32.dll
0x0000000003020000 - 0x000000000308c000 	C:\WINDOWS\System32\ws2_32.DLL
0x0000000068310000 - 0x000000006831f000 	C:\Program Files\Java\jdk1.8.0_161\jre\bin\verify.dll
0x00000000682e0000 - 0x0000000068309000 	C:\Program Files\Java\jdk1.8.0_161\jre\bin\java.dll
0x00000000682c0000 - 0x00000000682d6000 	C:\Program Files\Java\jdk1.8.0_161\jre\bin\zip.dll
0x00007ffdb8ee0000 - 0x00007ffdba320000 	C:\WINDOWS\System32\SHELL32.dll
0x00007ffdbaac0000 - 0x00007ffdbab69000 	C:\WINDOWS\System32\shcore.dll
0x00007ffdb8330000 - 0x00007ffdb8a3d000 	C:\WINDOWS\System32\windows.storage.dll
0x00007ffdb8e80000 - 0x00007ffdb8ed1000 	C:\WINDOWS\System32\shlwapi.dll
0x00007ffdb7c50000 - 0x00007ffdb7c61000 	C:\WINDOWS\System32\kernel.appcore.dll
0x00007ffdb7c70000 - 0x00007ffdb7c8f000 	C:\WINDOWS\System32\profapi.dll
0x00007ffdb7cc0000 - 0x00007ffdb7d0c000 	C:\WINDOWS\System32\powrprof.dll
0x00007ffdb7c90000 - 0x00007ffdb7c9a000 	C:\WINDOWS\System32\FLTLIB.DLL
0x00000000682a0000 - 0x00000000682ba000 	C:\Program Files\Java\jdk1.8.0_161\jre\bin\net.dll
0x00007ffdb74d0000 - 0x00007ffdb7536000 	C:\WINDOWS\system32\mswsock.dll
0x0000000068280000 - 0x0000000068291000 	C:\Program Files\Java\jdk1.8.0_161\jre\bin\nio.dll
0x00007ffdafb60000 - 0x00007ffdafb72000 	C:\Users\giorgi.bibilashvili\.gradle\native\19\windows-amd64\native-platform.dll
0x0000000180000000 - 0x0000000180037000 	C:\Users\giorgi.bibilashvili\.gradle\native\jna\win32-amd64\jnidispatch.dll
0x00007ffdb7680000 - 0x00007ffdb7697000 	C:\WINDOWS\SYSTEM32\CRYPTSP.dll
0x00007ffdb70b0000 - 0x00007ffdb70e3000 	C:\WINDOWS\system32\rsaenh.dll
0x00007ffdb77b0000 - 0x00007ffdb77d5000 	C:\WINDOWS\SYSTEM32\bcrypt.dll
0x00007ffdb7b50000 - 0x00007ffdb7b78000 	C:\WINDOWS\SYSTEM32\USERENV.dll
0x00007ffdb76a0000 - 0x00007ffdb76ab000 	C:\WINDOWS\SYSTEM32\CRYPTBASE.dll
0x00007ffdb7250000 - 0x00007ffdb7288000 	C:\WINDOWS\SYSTEM32\IPHLPAPI.DLL
0x00007ffdbb1b0000 - 0x00007ffdbb1b8000 	C:\WINDOWS\System32\NSI.dll
0x00007ffdb3f70000 - 0x00007ffdb3f86000 	C:\WINDOWS\SYSTEM32\dhcpcsvc6.DLL
0x00007ffdb3f10000 - 0x00007ffdb3f2a000 	C:\WINDOWS\SYSTEM32\dhcpcsvc.DLL
0x0000000068270000 - 0x000000006827d000 	C:\Program Files\Java\jdk1.8.0_161\jre\bin\management.dll
0x0000000068240000 - 0x0000000068264000 	C:\Program Files\Java\jdk1.8.0_161\jre\bin\sunec.dll
0x00007ffdb7290000 - 0x00007ffdb734e000 	C:\WINDOWS\SYSTEM32\DNSAPI.dll
0x00007ffdaeed0000 - 0x00007ffdaeeda000 	C:\Windows\System32\rasadhlp.dll
0x00007ffdb3f90000 - 0x00007ffdb4002000 	C:\WINDOWS\System32\fwpuclnt.dll
0x0000000068230000 - 0x000000006823b000 	C:\Program Files\Java\jdk1.8.0_161\jre\bin\sunmscapi.dll
0x00007ffdb8af0000 - 0x00007ffdb8cd2000 	C:\WINDOWS\System32\CRYPT32.dll
0x00007ffdb7ca0000 - 0x00007ffdb7cb2000 	C:\WINDOWS\System32\MSASN1.dll

VM Arguments:
jvm_args: -Dorg.gradle.appname=gradlew 
java_command: org.gradle.wrapper.GradleWrapperMain installDebug
java_class_path (initial): D:\react\haccp\android\\gradle\wrapper\gradle-wrapper.jar
Launcher Type: SUN_STANDARD

Environment Variables:
JAVA_HOME=C:\Program Files\Java\jdk1.8.0_161
CLASSPATH=D:\react\haccp\android\\gradle\wrapper\gradle-wrapper.jar
PATH=C:\Program Files (x86)\Common Files\Oracle\Java\javapath;C:\ProgramData\Oracle\Java\javapath;C:\WINDOWS\system32;C:\WINDOWS;C:\WINDOWS\System32\Wbem;C:\WINDOWS\System32\WindowsPowerShell\v1.0\;C:\Program Files\Git\cmd;C:\Users\giorgi.bibilashvili\AppData\Roaming\nvm;C:\Program Files\nodejs;D:\xampp7\php;C:\composer;C:\Program Files\dotnet\;C:\Program Files\Microsoft SQL Server\130\Tools\Binn\;C:\WINDOWS\System32\OpenSSH\;C:\Program Files (x86)\Microsoft SQL Server\Client SDK\ODBC\130\Tools\Binn\;C:\Program Files (x86)\Microsoft SQL Server\140\Tools\Binn\;C:\Program Files (x86)\Microsoft SQL Server\140\DTS\Binn\;C:\Program Files (x86)\Microsoft SQL Server\140\Tools\Binn\ManagementStudio\;C:\Users\giorgi.bibilashvili\AppData\Local\Microsoft\WindowsApps;C:\Program Files\Microsoft VS Code\bin;C:\Users\giorgi.bibilashvili\AppData\Roaming\nvm;C:\Program Files\nodejs;C:\Users\giorgi.bibilashvili\AppData\Local\Android\Sdk\emulator;C:\Users\giorgi.bibilashvili\AppData\Roaming\Composer\vendor\bin;C:\Users\giorgi.bibilashvili\AppData\Local\Android\Sdk\tools;C:\Users\giorgi.bibilashvili\AppData\Local\Android\Sdk\platform-tools;C:\Users\giorgi.bibilashvili\AppData\Local\Android\Sdk\build-tools;C:\Program Files\Java\jdk1.8.0_161\bin;
USERNAME=giorgi.bibilashvili
OS=Windows_NT
PROCESSOR_IDENTIFIER=Intel64 Family 6 Model 158 Stepping 9, GenuineIntel



---------------  S Y S T E M  ---------------

OS: Windows 10.0 , 64 bit Build 17134 (10.0.17134.1)

CPU:total 4 (initial active 4) (4 cores per cpu, 1 threads per core) family 6 model 158 stepping 9, cmov, cx8, fxsr, mmx, sse, sse2, sse3, ssse3, sse4.1, sse4.2, popcnt, avx, avx2, aes, clmul, erms, 3dnowpref, lzcnt, tsc, tscinvbit, bmi1, bmi2, adx

Memory: 4k page, physical 8324844k(690584k free), swap 21307996k(1272k free)

vm_info: Java HotSpot(TM) 64-Bit Server VM (25.161-b12) for windows-amd64 JRE (1.8.0_161-b12), built on Dec 19 2017 17:52:25 by "java_re" with MS VC++ 10.0 (VS2010)

time: Fri Jul 27 13:17:34 2018
elapsed time: 52 seconds (0d 0h 0m 52s)

