#
# There is insufficient memory for the Java Runtime Environment to continue.
# Native memory allocation (malloc) failed to allocate 32744 bytes for ChunkPool::allocate
# Possible reasons:
#   The system is out of physical RAM or swap space
#   In 32 bit mode, the process size limit was hit
# Possible solutions:
#   Reduce memory load on the system
#   Increase physical memory or swap space
#   Check if swap backing store is full
#   Use 64 bit Java on a 64 bit OS
#   Decrease Java heap size (-Xmx/-Xms)
#   Decrease number of Java threads
#   Decrease Java thread stack sizes (-Xss)
#   Set larger code cache with -XX:ReservedCodeCacheSize=
# This output file may be truncated or incomplete.
#
#  Out of Memory Error (allocation.cpp:273), pid=4752, tid=0x0000000000001ea8
#
# JRE version: Java(TM) SE Runtime Environment (8.0_161-b12) (build 1.8.0_161-b12)
# Java VM: Java HotSpot(TM) 64-Bit Server VM (25.161-b12 mixed mode windows-amd64 compressed oops)
# Failed to write core dump. Minidumps are not enabled by default on client versions of Windows
#

---------------  T H R E A D  ---------------

Current thread (0x000000001756f800):  JavaThread "C2 CompilerThread0" daemon [_thread_in_native, id=7848, stack(0x0000000018ae0000,0x0000000018be0000)]

Stack: [0x0000000018ae0000,0x0000000018be0000]
[error occurred during error reporting (printing stack bounds), id 0xc0000005]

Native frames: (J=compiled Java code, j=interpreted, Vv=VM code, C=native code)


Current CompileTask:
C2:  46431 6888       4       java.net.URLClassLoader$1::run (5 bytes)


---------------  P R O C E S S  ---------------

Java Threads: ( => current thread )
  0x000000001b836000 JavaThread "File lock request listener" [_thread_in_native, id=4568, stack(0x000000001c640000,0x000000001c740000)]
  0x000000001b834800 JavaThread "pool-1-thread-1" [_thread_blocked, id=5376, stack(0x000000001af60000,0x000000001b060000)]
  0x0000000018e0b800 JavaThread "Service Thread" daemon [_thread_blocked, id=7856, stack(0x00000000191e0000,0x00000000192e0000)]
  0x000000001757d800 JavaThread "C1 CompilerThread2" daemon [_thread_blocked, id=1684, stack(0x0000000018ce0000,0x0000000018de0000)]
  0x0000000017578800 JavaThread "C2 CompilerThread1" daemon [_thread_blocked, id=10952, stack(0x0000000018be0000,0x0000000018ce0000)]
=>0x000000001756f800 JavaThread "C2 CompilerThread0" daemon [_thread_in_native, id=7848, stack(0x0000000018ae0000,0x0000000018be0000)]
  0x000000001756d800 JavaThread "Attach Listener" daemon [_thread_blocked, id=3528, stack(0x00000000189e0000,0x0000000018ae0000)]
  0x000000001756c800 JavaThread "Signal Dispatcher" daemon [_thread_blocked, id=1040, stack(0x00000000188e0000,0x00000000189e0000)]
  0x000000001755a800 JavaThread "Finalizer" daemon [_thread_blocked, id=5684, stack(0x00000000187e0000,0x00000000188e0000)]
  0x0000000017539000 JavaThread "Reference Handler" daemon [_thread_blocked, id=8160, stack(0x00000000186e0000,0x00000000187e0000)]
  0x00000000028d2800 JavaThread "main" [_thread_in_vm, id=5572, stack(0x00000000027d0000,0x00000000028d0000)]

Other Threads:
  0x0000000017537800 VMThread [stack: 0x00000000185e0000,0x00000000186e0000] [id=2136]
  0x00000000175ce800 WatcherThread [stack: 0x00000000192e0000,0x00000000193e0000] [id=7988]

VM state:synchronizing (normal execution)

VM Mutex/Monitor currently owned by a thread:  ([mutex/lock_event])
[0x000000000273d730] Threads_lock - owner thread: 0x0000000017537800

Heap:
 PSYoungGen      total 253440K, used 99500K [0x00000000d5a00000, 0x00000000e6480000, 0x0000000100000000)
  eden space 239104K, 35% used [0x00000000d5a00000,0x00000000dad32b38,0x00000000e4380000)
  from space 14336K, 99% used [0x00000000e5680000,0x00000000e6478568,0x00000000e6480000)
  to   space 16384K, 0% used [0x00000000e4480000,0x00000000e4480000,0x00000000e5480000)
 ParOldGen       total 81408K, used 18378K [0x0000000080e00000, 0x0000000085d80000, 0x00000000d5a00000)
  object space 81408K, 22% used [0x0000000080e00000,0x0000000081ff2bd0,0x0000000085d80000)
 Metaspace       used 48442K, capacity 50082K, committed 50264K, reserved 1093632K
  class space    used 6591K, capacity 7000K, committed 7000K, reserved 1048576K

Card table byte_map: [0x0000000011d90000,0x0000000012190000] byte_map_base: 0x0000000011989000

Marking Bits: (ParMarkBitMap*) 0x0000000065e0f860
 Begin Bits: [0x0000000012840000, 0x0000000014808000)
 End Bits:   [0x0000000014808000, 0x00000000167d0000)

Polling page: 0x0000000000930000

CodeCache: size=245760Kb used=23218Kb max_used=23218Kb free=222541Kb
 bounds [0x00000000029d0000, 0x00000000040a0000, 0x00000000119d0000]
 total_blobs=6987 nmethods=6283 adapters=614
 compilation: enabled

Compilation events (10 events):
Event: 13.009 Thread 0x000000001757d800 6898       3       com.sun.beans.WildcardTypeImpl::<init> (15 bytes)
Event: 13.009 Thread 0x000000001757d800 nmethod 6898 0x0000000004086550 code [0x00000000040866a0, 0x0000000004086870]
Event: 13.012 Thread 0x000000001757d800 6899       3       org.codehaus.groovy.runtime.MetaClassHelper::getClassWithNullAndWrapper (28 bytes)
Event: 13.013 Thread 0x000000001757d800 nmethod 6899 0x000000000408a450 code [0x000000000408a5e0, 0x000000000408aae8]
Event: 13.021 Thread 0x000000001757d800 6900       3       org.gradle.internal.dispatch.ReflectionDispatch::dispatch (9 bytes)
Event: 13.021 Thread 0x000000001757d800 nmethod 6900 0x000000000408abd0 code [0x000000000408ad40, 0x000000000408afc8]
Event: 13.021 Thread 0x000000001757d800 6901   !   3       org.gradle.internal.dispatch.ReflectionDispatch::dispatch (42 bytes)
Event: 13.022 Thread 0x000000001757d800 nmethod 6901 0x000000000408b090 code [0x000000000408b260, 0x000000000408b848]
Event: 13.171 Thread 0x000000001757d800 6902   !   3       com.sun.jna.Structure::read (174 bytes)
Event: 13.172 Thread 0x000000001757d800 nmethod 6902 0x000000000408bbd0 code [0x000000000408c0e0, 0x000000000408fca8]

GC Heap History (10 events):
Event: 5.156 GC heap before
{Heap before GC invocations=8 (full 1):
 PSYoungGen      total 118272K, used 118194K [0x00000000d5a00000, 0x00000000ded80000, 0x0000000100000000)
  eden space 111616K, 100% used [0x00000000d5a00000,0x00000000dc700000,0x00000000dc700000)
  from space 6656K, 98% used [0x00000000de700000,0x00000000ded6cb20,0x00000000ded80000)
  to   space 10240K, 0% used [0x00000000dd980000,0x00000000dd980000,0x00000000de380000)
 ParOldGen       total 59904K, used 11683K [0x0000000080e00000, 0x0000000084880000, 0x00000000d5a00000)
  object space 59904K, 19% used [0x0000000080e00000,0x0000000081968fa0,0x0000000084880000)
 Metaspace       used 33279K, capacity 33986K, committed 34304K, reserved 1079296K
  class space    used 4535K, capacity 4742K, committed 4864K, reserved 1048576K
Event: 5.182 GC heap after
Heap after GC invocations=8 (full 1):
 PSYoungGen      total 140800K, used 10221K [0x00000000d5a00000, 0x00000000e2400000, 0x0000000100000000)
  eden space 130560K, 0% used [0x00000000d5a00000,0x00000000d5a00000,0x00000000dd980000)
  from space 10240K, 99% used [0x00000000dd980000,0x00000000de37b790,0x00000000de380000)
  to   space 12288K, 0% used [0x00000000e1800000,0x00000000e1800000,0x00000000e2400000)
 ParOldGen       total 59904K, used 13299K [0x0000000080e00000, 0x0000000084880000, 0x00000000d5a00000)
  object space 59904K, 22% used [0x0000000080e00000,0x0000000081afcc10,0x0000000084880000)
 Metaspace       used 33279K, capacity 33986K, committed 34304K, reserved 1079296K
  class space    used 4535K, capacity 4742K, committed 4864K, reserved 1048576K
}
Event: 5.380 GC heap before
{Heap before GC invocations=9 (full 1):
 PSYoungGen      total 140800K, used 31352K [0x00000000d5a00000, 0x00000000e2400000, 0x0000000100000000)
  eden space 130560K, 16% used [0x00000000d5a00000,0x00000000d6ea2c08,0x00000000dd980000)
  from space 10240K, 99% used [0x00000000dd980000,0x00000000de37b790,0x00000000de380000)
  to   space 12288K, 0% used [0x00000000e1800000,0x00000000e1800000,0x00000000e2400000)
 ParOldGen       total 59904K, used 13299K [0x0000000080e00000, 0x0000000084880000, 0x00000000d5a00000)
  object space 59904K, 22% used [0x0000000080e00000,0x0000000081afcc10,0x0000000084880000)
 Metaspace       used 34559K, capacity 35156K, committed 35416K, reserved 1079296K
  class space    used 4698K, capacity 4877K, committed 4952K, reserved 1048576K
Event: 5.388 GC heap after
Heap after GC invocations=9 (full 1):
 PSYoungGen      total 194048K, used 10080K [0x00000000d5a00000, 0x00000000e4380000, 0x0000000100000000)
  eden space 181760K, 0% used [0x00000000d5a00000,0x00000000d5a00000,0x00000000e0b80000)
  from space 12288K, 82% used [0x00000000e1800000,0x00000000e21d8340,0x00000000e2400000)
  to   space 12800K, 0% used [0x00000000e0b80000,0x00000000e0b80000,0x00000000e1800000)
 ParOldGen       total 59904K, used 13371K [0x0000000080e00000, 0x0000000084880000, 0x00000000d5a00000)
  object space 59904K, 22% used [0x0000000080e00000,0x0000000081b0ec20,0x0000000084880000)
 Metaspace       used 34559K, capacity 35156K, committed 35416K, reserved 1079296K
  class space    used 4698K, capacity 4877K, committed 4952K, reserved 1048576K
}
Event: 5.388 GC heap before
{Heap before GC invocations=10 (full 2):
 PSYoungGen      total 194048K, used 10080K [0x00000000d5a00000, 0x00000000e4380000, 0x0000000100000000)
  eden space 181760K, 0% used [0x00000000d5a00000,0x00000000d5a00000,0x00000000e0b80000)
  from space 12288K, 82% used [0x00000000e1800000,0x00000000e21d8340,0x00000000e2400000)
  to   space 12800K, 0% used [0x00000000e0b80000,0x00000000e0b80000,0x00000000e1800000)
 ParOldGen       total 59904K, used 13371K [0x0000000080e00000, 0x0000000084880000, 0x00000000d5a00000)
  object space 59904K, 22% used [0x0000000080e00000,0x0000000081b0ec20,0x0000000084880000)
 Metaspace       used 34559K, capacity 35156K, committed 35416K, reserved 1079296K
  class space    used 4698K, capacity 4877K, committed 4952K, reserved 1048576K
Event: 5.454 GC heap after
Heap after GC invocations=10 (full 2):
 PSYoungGen      total 194048K, used 0K [0x00000000d5a00000, 0x00000000e4380000, 0x0000000100000000)
  eden space 181760K, 0% used [0x00000000d5a00000,0x00000000d5a00000,0x00000000e0b80000)
  from space 12288K, 0% used [0x00000000e1800000,0x00000000e1800000,0x00000000e2400000)
  to   space 12800K, 0% used [0x00000000e0b80000,0x00000000e0b80000,0x00000000e1800000)
 ParOldGen       total 81408K, used 17862K [0x0000000080e00000, 0x0000000085d80000, 0x00000000d5a00000)
  object space 81408K, 21% used [0x0000000080e00000,0x0000000081f71bb8,0x0000000085d80000)
 Metaspace       used 34559K, capacity 35156K, committed 35416K, reserved 1079296K
  class space    used 4698K, capacity 4877K, committed 4952K, reserved 1048576K
}
Event: 7.817 GC heap before
{Heap before GC invocations=11 (full 2):
 PSYoungGen      total 194048K, used 181760K [0x00000000d5a00000, 0x00000000e4380000, 0x0000000100000000)
  eden space 181760K, 100% used [0x00000000d5a00000,0x00000000e0b80000,0x00000000e0b80000)
  from space 12288K, 0% used [0x00000000e1800000,0x00000000e1800000,0x00000000e2400000)
  to   space 12800K, 0% used [0x00000000e0b80000,0x00000000e0b80000,0x00000000e1800000)
 ParOldGen       total 81408K, used 17862K [0x0000000080e00000, 0x0000000085d80000, 0x00000000d5a00000)
  object space 81408K, 21% used [0x0000000080e00000,0x0000000081f71bb8,0x0000000085d80000)
 Metaspace       used 42303K, capacity 43318K, committed 43736K, reserved 1087488K
  class space    used 5709K, capacity 6006K, committed 6104K, reserved 1048576K
Event: 7.828 GC heap after
Heap after GC invocations=11 (full 2):
 PSYoungGen      total 194560K, used 12787K [0x00000000d5a00000, 0x00000000e6480000, 0x0000000100000000)
  eden space 181760K, 0% used [0x00000000d5a00000,0x00000000d5a00000,0x00000000e0b80000)
  from space 12800K, 99% used [0x00000000e0b80000,0x00000000e17fcde8,0x00000000e1800000)
  to   space 14336K, 0% used [0x00000000e5680000,0x00000000e5680000,0x00000000e6480000)
 ParOldGen       total 81408K, used 17956K [0x0000000080e00000, 0x0000000085d80000, 0x00000000d5a00000)
  object space 81408K, 22% used [0x0000000080e00000,0x0000000081f89270,0x0000000085d80000)
 Metaspace       used 42303K, capacity 43318K, committed 43736K, reserved 1087488K
  class space    used 5709K, capacity 6006K, committed 6104K, reserved 1048576K
}
Event: 10.089 GC heap before
{Heap before GC invocations=12 (full 2):
 PSYoungGen      total 194560K, used 194547K [0x00000000d5a00000, 0x00000000e6480000, 0x0000000100000000)
  eden space 181760K, 100% used [0x00000000d5a00000,0x00000000e0b80000,0x00000000e0b80000)
  from space 12800K, 99% used [0x00000000e0b80000,0x00000000e17fcde8,0x00000000e1800000)
  to   space 14336K, 0% used [0x00000000e5680000,0x00000000e5680000,0x00000000e6480000)
 ParOldGen       total 81408K, used 17956K [0x0000000080e00000, 0x0000000085d80000, 0x00000000d5a00000)
  object space 81408K, 22% used [0x0000000080e00000,0x0000000081f89270,0x0000000085d80000)
 Metaspace       used 46921K, capacity 48168K, committed 48472K, reserved 1091584K
  class space    used 6364K, capacity 6711K, committed 6744K, reserved 1048576K
Event: 10.107 GC heap after
Heap after GC invocations=12 (full 2):
 PSYoungGen      total 253440K, used 14305K [0x00000000d5a00000, 0x00000000e6480000, 0x0000000100000000)
  eden space 239104K, 0% used [0x00000000d5a00000,0x00000000d5a00000,0x00000000e4380000)
  from space 14336K, 99% used [0x00000000e5680000,0x00000000e6478568,0x00000000e6480000)
  to   space 16384K, 0% used [0x00000000e4480000,0x00000000e4480000,0x00000000e5480000)
 ParOldGen       total 81408K, used 18378K [0x0000000080e00000, 0x0000000085d80000, 0x00000000d5a00000)
  object space 81408K, 22% used [0x0000000080e00000,0x0000000081ff2bd0,0x0000000085d80000)
 Metaspace       used 46921K, capacity 48168K, committed 48472K, reserved 1091584K
  class space    used 6364K, capacity 6711K, committed 6744K, reserved 1048576K
}

Deoptimization events (10 events):
Event: 10.618 Thread 0x00000000028d2800 Uncommon trap: reason=unstable_if action=reinterpret pc=0x00000000037271c8 method=org.codehaus.groovy.runtime.metaclass.MetaMethodIndex.isNonRealMethod(Lgroovy/lang/MetaMethod;)Z @ 4
Event: 10.618 Thread 0x00000000028d2800 Uncommon trap: reason=unstable_if action=reinterpret pc=0x00000000036ea478 method=org.codehaus.groovy.runtime.metaclass.MetaMethodIndex.copyNonPrivateNonNewMetaMethods(Lorg/codehaus/groovy/runtime/metaclass/MetaMethodIndex$Entry;Lorg/codehaus/groovy/runti
Event: 10.618 Thread 0x00000000028d2800 Uncommon trap: reason=unstable_if action=reinterpret pc=0x00000000037d7018 method=groovy.lang.MetaClassImpl$1MOPIter.methodNameAction(Ljava/lang/Class;Lorg/codehaus/groovy/runtime/metaclass/MetaMethodIndex$Entry;)V @ 259
Event: 10.832 Thread 0x00000000028d2800 Uncommon trap: reason=bimorphic action=maybe_recompile pc=0x0000000002deb968 method=java.util.AbstractList.hashCode()I @ 3
Event: 10.833 Thread 0x00000000028d2800 Uncommon trap: reason=bimorphic action=maybe_recompile pc=0x0000000002deb968 method=java.util.AbstractList.hashCode()I @ 3
Event: 11.186 Thread 0x00000000028d2800 Uncommon trap: reason=unstable_if action=reinterpret pc=0x00000000031deadc method=org.apache.xerces.impl.XMLEntityScanner.scanLiteral(ILorg/apache/xerces/xni/XMLString;)I @ 43
Event: 11.278 Thread 0x00000000028d2800 Uncommon trap: reason=unstable_if action=reinterpret pc=0x0000000003e9beb8 method=com.esotericsoftware.kryo.io.Output.writeByte(B)V @ 8
Event: 12.507 Thread 0x00000000028d2800 Uncommon trap: reason=bimorphic action=maybe_recompile pc=0x0000000002deb968 method=java.util.AbstractList.hashCode()I @ 3
Event: 12.508 Thread 0x00000000028d2800 Uncommon trap: reason=bimorphic action=maybe_recompile pc=0x0000000002deb968 method=java.util.AbstractList.hashCode()I @ 3
Event: 12.688 Thread 0x00000000028d2800 Uncommon trap: reason=unstable_if action=reinterpret pc=0x00000000038bc304 method=java.lang.ClassLoader.checkCerts(Ljava/lang/String;Ljava/security/CodeSource;)V @ 29

Classes redefined (0 events):
No events

Internal exceptions (10 events):
Event: 12.720 Thread 0x00000000028d2800 Exception <a 'java/lang/ClassNotFoundException': org/gradle/api/internal/tasks/DefaultTaskContainerCustomizer> (0x00000000da7a6560) thrown at [C:\re\workspace\8-2-build-windows-amd64-cygwin\jdk8u161\10277\hotspot\src\share\vm\classfile\systemDictionary.cp
Event: 12.722 Thread 0x00000000028d2800 Exception <a 'java/lang/ClassNotFoundException': org/gradle/api/internal/tasks/DefaultTaskContainer_DecoratedCustomizer> (0x00000000da81cc98) thrown at [C:\re\workspace\8-2-build-windows-amd64-cygwin\jdk8u161\10277\hotspot\src\share\vm\classfile\systemDic
Event: 13.003 Thread 0x00000000028d2800 Exception <a 'java/lang/ClassNotFoundException': analytics_bcclmchu2qffkblj4e0pir549BeanInfo> (0x00000000da8e6130) thrown at [C:\re\workspace\8-2-build-windows-amd64-cygwin\jdk8u161\10277\hotspot\src\share\vm\classfile\systemDictionary.cpp, line 210]
Event: 13.004 Thread 0x00000000028d2800 Exception <a 'java/lang/ClassNotFoundException': analytics_bcclmchu2qffkblj4e0pir549Customizer> (0x00000000da8f69d8) thrown at [C:\re\workspace\8-2-build-windows-amd64-cygwin\jdk8u161\10277\hotspot\src\share\vm\classfile\systemDictionary.cpp, line 210]
Event: 13.008 Thread 0x00000000028d2800 Exception <a 'java/lang/ClassNotFoundException': SendAnalyticsTask_DecoratedBeanInfo> (0x00000000da9802b8) thrown at [C:\re\workspace\8-2-build-windows-amd64-cygwin\jdk8u161\10277\hotspot\src\share\vm\classfile\systemDictionary.cpp, line 210]
Event: 13.009 Thread 0x00000000028d2800 Exception <a 'java/lang/ClassNotFoundException': SendAnalyticsTaskBeanInfo> (0x00000000da98e510) thrown at [C:\re\workspace\8-2-build-windows-amd64-cygwin\jdk8u161\10277\hotspot\src\share\vm\classfile\systemDictionary.cpp, line 210]
Event: 13.009 Thread 0x00000000028d2800 Exception <a 'java/lang/ClassNotFoundException': SendAnalyticsTaskCustomizer> (0x00000000da99d120) thrown at [C:\re\workspace\8-2-build-windows-amd64-cygwin\jdk8u161\10277\hotspot\src\share\vm\classfile\systemDictionary.cpp, line 210]
Event: 13.010 Thread 0x00000000028d2800 Exception <a 'java/lang/ClassNotFoundException': SendAnalyticsTask_DecoratedCustomizer> (0x00000000da9c1b20) thrown at [C:\re\workspace\8-2-build-windows-amd64-cygwin\jdk8u161\10277\hotspot\src\share\vm\classfile\systemDictionary.cpp, line 210]
Event: 13.016 Thread 0x00000000028d2800 Exception <a 'java/lang/ClassNotFoundException': org/gradle/api/DefaultTask_DecoratedBeanInfo> (0x00000000daa69778) thrown at [C:\re\workspace\8-2-build-windows-amd64-cygwin\jdk8u161\10277\hotspot\src\share\vm\classfile\systemDictionary.cpp, line 210]
Event: 13.017 Thread 0x00000000028d2800 Exception <a 'java/lang/ClassNotFoundException': org/gradle/api/DefaultTask_DecoratedCustomizer> (0x00000000daa914f8) thrown at [C:\re\workspace\8-2-build-windows-amd64-cygwin\jdk8u161\10277\hotspot\src\share\vm\classfile\systemDictionary.cpp, line 210]

Events (10 events):
Event: 13.016 loading class org/gradle/api/DefaultTask_DecoratedCustomizer
Event: 13.016 loading class org/gradle/api/DefaultTask_DecoratedCustomizer done
Event: 13.017 loading class org/gradle/api/DefaultTask_DecoratedCustomizer
Event: 13.017 loading class org/gradle/api/DefaultTask_DecoratedCustomizer done
Event: 13.019 loading class org/codehaus/groovy/runtime/callsite/PogoMetaMethodSite$PogoCachedMethodSite
Event: 13.019 loading class org/codehaus/groovy/runtime/callsite/PogoMetaMethodSite$PogoCachedMethodSite done
Event: 13.019 loading class build_6d4zls68dnhpvoveftev2xflx$_run_closure5
Event: 13.019 loading class build_6d4zls68dnhpvoveftev2xflx$_run_closure5 done
Event: 13.020 loading class groovy/runtime/metaclass/build_6d4zls68dnhpvoveftev2xflx$_run_closure5MetaClass
Event: 13.020 loading class groovy/runtime/metaclass/build_6d4zls68dnhpvoveftev2xflx$_run_closure5MetaClass done


Dynamic libraries:
0x00007ff7a45d0000 - 0x00007ff7a4607000 	C:\Program Files\Java\jdk1.8.0_161\bin\java.exe
0x00007ffdbb940000 - 0x00007ffdbbb21000 	C:\WINDOWS\SYSTEM32\ntdll.dll
0x00007ffdbab70000 - 0x00007ffdbac22000 	C:\WINDOWS\System32\KERNEL32.DLL
0x00007ffdb7f10000 - 0x00007ffdb8183000 	C:\WINDOWS\System32\KERNELBASE.dll
0x00007ffdba820000 - 0x00007ffdba8c1000 	C:\WINDOWS\System32\ADVAPI32.dll
0x00007ffdb8dd0000 - 0x00007ffdb8e6e000 	C:\WINDOWS\System32\msvcrt.dll
0x00007ffdba8d0000 - 0x00007ffdba92b000 	C:\WINDOWS\System32\sechost.dll
0x00007ffdbb080000 - 0x00007ffdbb1a4000 	C:\WINDOWS\System32\RPCRT4.dll
0x00007ffdba930000 - 0x00007ffdbaac0000 	C:\WINDOWS\System32\USER32.dll
0x00007ffdb8d60000 - 0x00007ffdb8d80000 	C:\WINDOWS\System32\win32u.dll
0x00007ffdbb370000 - 0x00007ffdbb398000 	C:\WINDOWS\System32\GDI32.dll
0x00007ffdb8190000 - 0x00007ffdb8322000 	C:\WINDOWS\System32\gdi32full.dll
0x00007ffdb7e70000 - 0x00007ffdb7f0f000 	C:\WINDOWS\System32\msvcp_win.dll
0x00007ffdb7d70000 - 0x00007ffdb7e6a000 	C:\WINDOWS\System32\ucrtbase.dll
0x00007ffdaff60000 - 0x00007ffdb01c9000 	C:\WINDOWS\WinSxS\amd64_microsoft.windows.common-controls_6595b64144ccf1df_6.0.17134.165_none_fb429645306569ac\COMCTL32.dll
0x00007ffdba320000 - 0x00007ffdba643000 	C:\WINDOWS\System32\combase.dll
0x00007ffdb8ce0000 - 0x00007ffdb8d5a000 	C:\WINDOWS\System32\bcryptPrimitives.dll
0x00007ffdbb650000 - 0x00007ffdbb67d000 	C:\WINDOWS\System32\IMM32.DLL
0x0000000068d20000 - 0x0000000068df2000 	C:\Program Files\Java\jdk1.8.0_161\jre\bin\msvcr100.dll
0x00000000655f0000 - 0x0000000065e8f000 	C:\Program Files\Java\jdk1.8.0_161\jre\bin\server\jvm.dll
0x00007ffdbb1e0000 - 0x00007ffdbb1e8000 	C:\WINDOWS\System32\PSAPI.DLL
0x00007ffda7fb0000 - 0x00007ffda7fb9000 	C:\WINDOWS\SYSTEM32\WSOCK32.dll
0x00007ffdba6f0000 - 0x00007ffdba75c000 	C:\WINDOWS\System32\WS2_32.dll
0x00007ffdb2410000 - 0x00007ffdb241a000 	C:\WINDOWS\SYSTEM32\VERSION.dll
0x00007ffdb5cb0000 - 0x00007ffdb5cd3000 	C:\WINDOWS\SYSTEM32\WINMM.dll
0x00007ffdb5c80000 - 0x00007ffdb5caa000 	C:\WINDOWS\SYSTEM32\winmmbase.dll
0x00007ffdb8d80000 - 0x00007ffdb8dc9000 	C:\WINDOWS\System32\cfgmgr32.dll
0x00000000683f0000 - 0x00000000683ff000 	C:\Program Files\Java\jdk1.8.0_161\jre\bin\verify.dll
0x00000000683c0000 - 0x00000000683e9000 	C:\Program Files\Java\jdk1.8.0_161\jre\bin\java.dll
0x00000000683a0000 - 0x00000000683b6000 	C:\Program Files\Java\jdk1.8.0_161\jre\bin\zip.dll
0x00007ffdb8ee0000 - 0x00007ffdba320000 	C:\WINDOWS\System32\SHELL32.dll
0x00007ffdbaac0000 - 0x00007ffdbab69000 	C:\WINDOWS\System32\shcore.dll
0x00007ffdb8330000 - 0x00007ffdb8a3d000 	C:\WINDOWS\System32\windows.storage.dll
0x00007ffdb8e80000 - 0x00007ffdb8ed1000 	C:\WINDOWS\System32\shlwapi.dll
0x00007ffdb7c50000 - 0x00007ffdb7c61000 	C:\WINDOWS\System32\kernel.appcore.dll
0x00007ffdb7c70000 - 0x00007ffdb7c8f000 	C:\WINDOWS\System32\profapi.dll
0x00007ffdb7cc0000 - 0x00007ffdb7d0c000 	C:\WINDOWS\System32\powrprof.dll
0x00007ffdb7c90000 - 0x00007ffdb7c9a000 	C:\WINDOWS\System32\FLTLIB.DLL
0x0000000068380000 - 0x000000006839a000 	C:\Program Files\Java\jdk1.8.0_161\jre\bin\net.dll
0x00007ffdb74d0000 - 0x00007ffdb7536000 	C:\WINDOWS\system32\mswsock.dll
0x0000000068360000 - 0x0000000068371000 	C:\Program Files\Java\jdk1.8.0_161\jre\bin\nio.dll
0x00007ffdafd80000 - 0x00007ffdafd92000 	C:\Users\giorgi.bibilashvili\.gradle\native\19\windows-amd64\native-platform.dll
0x0000000180000000 - 0x0000000180037000 	C:\Users\giorgi.bibilashvili\.gradle\native\jna\win32-amd64\jnidispatch.dll
0x00007ffdb7680000 - 0x00007ffdb7697000 	C:\WINDOWS\SYSTEM32\CRYPTSP.dll
0x00007ffdb70b0000 - 0x00007ffdb70e3000 	C:\WINDOWS\system32\rsaenh.dll
0x00007ffdb77b0000 - 0x00007ffdb77d5000 	C:\WINDOWS\SYSTEM32\bcrypt.dll
0x00007ffdb7b50000 - 0x00007ffdb7b78000 	C:\WINDOWS\SYSTEM32\USERENV.dll
0x00007ffdb76a0000 - 0x00007ffdb76ab000 	C:\WINDOWS\SYSTEM32\CRYPTBASE.dll
0x00007ffdb7250000 - 0x00007ffdb7288000 	C:\WINDOWS\SYSTEM32\IPHLPAPI.DLL
0x00007ffdbb1b0000 - 0x00007ffdbb1b8000 	C:\WINDOWS\System32\NSI.dll
0x00007ffdb3f70000 - 0x00007ffdb3f86000 	C:\WINDOWS\SYSTEM32\dhcpcsvc6.DLL
0x00007ffdb3f10000 - 0x00007ffdb3f2a000 	C:\WINDOWS\SYSTEM32\dhcpcsvc.DLL
0x0000000068350000 - 0x000000006835d000 	C:\Program Files\Java\jdk1.8.0_161\jre\bin\management.dll

VM Arguments:
jvm_args: -Dorg.gradle.appname=gradlew 
java_command: org.gradle.wrapper.GradleWrapperMain installDebug
java_class_path (initial): D:\react\haccp\android\\gradle\wrapper\gradle-wrapper.jar
Launcher Type: SUN_STANDARD

Environment Variables:
JAVA_HOME=C:\Program Files\Java\jdk1.8.0_161
CLASSPATH=D:\react\haccp\android\\gradle\wrapper\gradle-wrapper.jar
PATH=C:\Program Files (x86)\Common Files\Oracle\Java\javapath;C:\ProgramData\Oracle\Java\javapath;C:\WINDOWS\system32;C:\WINDOWS;C:\WINDOWS\System32\Wbem;C:\WINDOWS\System32\WindowsPowerShell\v1.0\;C:\Program Files\Git\cmd;C:\Users\giorgi.bibilashvili\AppData\Roaming\nvm;C:\Program Files\nodejs;D:\xampp7\php;C:\composer;C:\Program Files\dotnet\;C:\Program Files\Microsoft SQL Server\130\Tools\Binn\;C:\WINDOWS\System32\OpenSSH\;C:\Program Files (x86)\Microsoft SQL Server\Client SDK\ODBC\130\Tools\Binn\;C:\Program Files (x86)\Microsoft SQL Server\140\Tools\Binn\;C:\Program Files (x86)\Microsoft SQL Server\140\DTS\Binn\;C:\Program Files (x86)\Microsoft SQL Server\140\Tools\Binn\ManagementStudio\;C:\Users\giorgi.bibilashvili\AppData\Local\Microsoft\WindowsApps;C:\Program Files\Microsoft VS Code\bin;C:\Users\giorgi.bibilashvili\AppData\Roaming\nvm;C:\Program Files\nodejs;C:\Users\giorgi.bibilashvili\AppData\Local\Android\Sdk\emulator;C:\Users\giorgi.bibilashvili\AppData\Roaming\Composer\vendor\bin;C:\Users\giorgi.bibilashvili\AppData\Local\Android\Sdk\tools;C:\Users\giorgi.bibilashvili\AppData\Local\Android\Sdk\platform-tools;C:\Users\giorgi.bibilashvili\AppData\Local\Android\Sdk\build-tools;C:\Program Files\Java\jdk1.8.0_161\bin;
USERNAME=giorgi.bibilashvili
OS=Windows_NT
PROCESSOR_IDENTIFIER=Intel64 Family 6 Model 158 Stepping 9, GenuineIntel



---------------  S Y S T E M  ---------------

OS: Windows 10.0 , 64 bit Build 17134 (10.0.17134.1)

CPU:total 4 (initial active 4) (4 cores per cpu, 1 threads per core) family 6 model 158 stepping 9, cmov, cx8, fxsr, mmx, sse, sse2, sse3, ssse3, sse4.1, sse4.2, popcnt, avx, avx2, aes, clmul, erms, 3dnowpref, lzcnt, tsc, tscinvbit, bmi1, bmi2, adx

Memory: 4k page, physical 8324844k(1733832k free), swap 21307996k(0k free)

vm_info: Java HotSpot(TM) 64-Bit Server VM (25.161-b12) for windows-amd64 JRE (1.8.0_161-b12), built on Dec 19 2017 17:52:25 by "java_re" with MS VC++ 10.0 (VS2010)

time: Fri Jul 27 14:58:00 2018
elapsed time: 46 seconds (0d 0h 0m 46s)

