JvmtiExport can_access_local_variables 0
JvmtiExport can_hotswap_or_post_breakpoint 0
JvmtiExport can_post_on_exceptions 0
# 467 ciObject found
ciMethod java/lang/Object <init> ()V 4097 1 1385964 0 0
ciMethod java/lang/Object hashCode ()I 2049 1 256 0 -1
ciMethod java/lang/Object equals (Ljava/lang/Object;)Z 2105 1 39967 0 -1
ciMethod java/lang/Object clone ()Ljava/lang/Object; 2049 1 256 0 -1
ciMethod java/lang/String <init> ([CII)V 2137 1 5406 0 704
ciMethod java/lang/String <init> ([BIILjava/lang/String;)V 3201 1 15122 0 -1
ciMethod java/lang/String <init> ([CZ)V 2049 1 15894 0 0
ciMethod java/lang/String length ()I 4097 1 491279 0 0
ciMethod java/lang/String charAt (I)C 4097 1 1201611 0 -1
ciMethod java/lang/String codePointAt (I)I 561 1 5214 0 -1
ciMethod java/lang/String getChars ([CI)V 2681 1 5573 0 0
ciMethod java/lang/String equals (Ljava/lang/Object;)Z 2049 11625 19123 0 -1
ciMethod java/lang/String equalsIgnoreCase (Ljava/lang/String;)Z 2057 1 5469 0 1504
ciMethod java/lang/String regionMatches (ZILjava/lang/String;II)Z 945 561 5241 0 1920
ciMethod java/lang/String hashCode ()I 2865 32769 1694 0 288
ciMethod java/lang/String lastIndexOf (I)I 2065 1 28295 0 288
ciMethod java/lang/String lastIndexOf (II)I 857 32889 721 0 288
ciMethod java/lang/String lastIndexOfSupplementary (II)I 0 0 1 0 -1
ciMethod java/lang/String substring (II)Ljava/lang/String; 3073 1 5570 0 960
ciMethod java/lang/String concat (Ljava/lang/String;)Ljava/lang/String; 2065 1 5397 0 896
ciMethod java/lang/String replace (CC)Ljava/lang/String; 1033 36825 1699 0 1088
ciMethod java/lang/String toUpperCase (Ljava/util/Locale;)Ljava/lang/String; 1353 16729 931 0 2336
ciMethod java/lang/ClassLoader defineClass (Ljava/lang/String;[BIILjava/security/ProtectionDomain;)Ljava/lang/Class; 2225 1 5430 0 -1
ciMethod java/lang/ClassLoader definePackage (Ljava/lang/String;Ljava/lang/String;Ljava/lang/String;Ljava/lang/String;Ljava/lang/String;Ljava/lang/String;Ljava/lang/String;Ljava/net/URL;)Ljava/lang/Package; 3097 1 643 0 0
ciMethod java/lang/ClassLoader getPackage (Ljava/lang/String;)Ljava/lang/Package; 2049 1 10390 0 0
ciMethod java/lang/System nanoTime ()J 2049 1 256 0 -1
ciMethod java/lang/System arraycopy (Ljava/lang/Object;ILjava/lang/Object;II)V 5121 1 640 0 -1
ciMethod java/lang/Throwable addSuppressed (Ljava/lang/Throwable;)V 0 0 1 0 0
ciMethod java/security/SecureClassLoader defineClass (Ljava/lang/String;[BIILjava/security/CodeSource;)Ljava/lang/Class; 9841 1 6051 0 0
ciMethod java/security/SecureClassLoader defineClass (Ljava/lang/String;Ljava/nio/ByteBuffer;Ljava/security/CodeSource;)Ljava/lang/Class; 0 0 1 0 -1
ciMethod java/security/SecureClassLoader getProtectionDomain (Ljava/security/CodeSource;)Ljava/security/ProtectionDomain; 2225 1 6051 0 -1
ciMethod java/lang/ref/Reference get ()Ljava/lang/Object; 1081 1 135 0 -1
ciMethod java/lang/ref/Reference <init> (Ljava/lang/Object;)V 1249 1 45164 0 0
ciMethod java/lang/ref/Reference <init> (Ljava/lang/Object;Ljava/lang/ref/ReferenceQueue;)V 2049 1 35040 0 160
ciMethod java/lang/ref/SoftReference <init> (Ljava/lang/Object;)V 1145 1 7368 0 0
ciMethod java/lang/ref/SoftReference get ()Ljava/lang/Object; 2049 1 43278 0 96
ciMethod java/lang/Thread currentThread ()Ljava/lang/Thread; 2049 1 256 0 -1
ciMethod java/lang/Thread interrupt ()V 0 0 1 0 -1
ciMethod java/lang/Thread interrupted ()Z 3081 1 5509 0 -1
ciMethod java/util/Map get (Ljava/lang/Object;)Ljava/lang/Object; 0 0 1 0 -1
ciMethod java/util/Map put (Ljava/lang/Object;Ljava/lang/Object;)Ljava/lang/Object; 0 0 1 0 -1
ciMethod java/util/Hashtable <init> (IF)V 2057 1 1622 0 0
ciMethod java/util/Hashtable <init> (I)V 1185 1 148 0 0
ciMethod java/util/Hashtable <init> ()V 2057 1 1474 0 0
ciMethod java/util/Dictionary <init> ()V 2057 1 1622 0 0
ciMethod java/lang/StringBuilder <init> ()V 753 1 124382 0 -1
ciMethod java/lang/StringBuilder append (Ljava/lang/String;)Ljava/lang/StringBuilder; 1481 1 301573 0 -1
ciMethod java/lang/StringBuilder append (I)Ljava/lang/StringBuilder; 1 1 10530 0 -1
ciMethod java/lang/StringBuilder toString ()Ljava/lang/String; 801 1 105663 0 -1
ciMethod java/io/ByteArrayInputStream <init> ([B)V 121 1 1109 0 0
ciMethod java/io/InputStream <init> ()V 2049 1 19611 0 96
ciMethod java/io/InputStream read ([BII)I 0 0 1 0 -1
ciMethod java/io/InputStream close ()V 2049 1 835 0 -1
ciMethod java/net/URLClassLoader getAndVerifyPackage (Ljava/lang/String;Ljava/util/jar/Manifest;Ljava/net/URL;)Ljava/lang/Package; 3073 1 4985 0 0
ciMethod java/net/URLClassLoader definePackageInternal (Ljava/lang/String;Ljava/util/jar/Manifest;Ljava/net/URL;)V 2233 1 4985 0 0
ciMethod java/net/URLClassLoader defineClass (Ljava/lang/String;Lsun/misc/Resource;)Ljava/lang/Class; 1209 1 5023 0 0
ciMethod java/net/URLClassLoader definePackage (Ljava/lang/String;Ljava/util/jar/Manifest;Ljava/net/URL;)Ljava/lang/Package; 2217 1 534 0 0
ciMethod java/net/URLClassLoader isSealed (Ljava/lang/String;Ljava/util/jar/Manifest;)Z 2049 1 4453 0 0
ciMethod java/net/URLClassLoader access$000 (Ljava/net/URLClassLoader;)Lsun/misc/URLClassPath; 1025 1 128 0 0
ciMethod java/net/URLClassLoader access$100 (Ljava/net/URLClassLoader;Ljava/lang/String;Lsun/misc/Resource;)Ljava/lang/Class; 1209 1 5023 0 0
ciMethod java/util/jar/Manifest <init> (Ljava/io/InputStream;)V 121 1 147 0 0
ciMethod java/util/jar/Manifest getMainAttributes ()Ljava/util/jar/Attributes; 1025 1 128 0 0
ciMethod java/util/jar/Manifest getEntries ()Ljava/util/Map; 1025 1 128 0 0
ciMethod java/util/jar/Manifest getAttributes (Ljava/lang/String;)Ljava/util/jar/Attributes; 2545 1 9813 0 0
ciMethod java/util/jar/Manifest read (Ljava/io/InputStream;)V 121 1 156 0 -1
ciMethod java/util/jar/Manifest parseName ([BI)Ljava/lang/String; 4097 1 4967 0 -1
ciMethod java/security/CodeSource <init> (Ljava/net/URL;[Ljava/security/CodeSigner;)V 2225 1 5400 0 288
ciMethod java/lang/Character charCount (I)I 889 1 26379 0 -1
ciMethod java/lang/Character toChars (I[CI)I 0 0 1 0 -1
ciMethod java/lang/Character toChars (I)[C 0 0 1 0 -1
ciMethod java/lang/Character toLowerCase (C)C 3129 1 24792 0 192
ciMethod java/lang/Character toLowerCase (I)I 4097 1 152519 0 0
ciMethod java/lang/Character toUpperCase (C)C 2249 1 13911 0 0
ciMethod java/lang/Character toUpperCase (I)I 2561 1 15511 0 0
ciMethod java/lang/Character toUpperCaseEx (I)I 4097 1 27239 0 -1
ciMethod java/lang/Character toUpperCaseCharArray (I)[C 0 0 1 0 -1
ciMethod java/lang/Float isNaN (F)Z 2049 1 8760 0 0
ciMethod java/lang/Float floatToRawIntBits (F)I 9 1 1 0 -1
ciMethod java/util/Comparator compare (Ljava/lang/Object;Ljava/lang/Object;)I 0 0 1 0 -1
ciMethod java/util/List add (Ljava/lang/Object;)Z 0 0 1 0 -1
ciMethod java/util/AbstractList <init> ()V 2065 1 109395 0 0
ciMethod java/util/AbstractCollection <init> ()V 2049 1 211099 0 32
ciMethod java/util/ArrayList <init> (I)V 3089 1 9135 0 -1
ciMethod java/util/ArrayList <init> ()V 1305 1 45037 0 64
ciMethod java/util/ArrayList size ()I 1089 1 136 0 -1
ciMethod java/util/AbstractMap <init> ()V 633 1 45664 0 32
ciMethod java/util/HashMap hash (Ljava/lang/Object;)I 2313 1 92497 0 160
ciMethod java/util/HashMap tableSizeFor (I)I 2049 1 5385 0 -1
ciMethod java/util/HashMap <init> (IF)V 1833 1 5375 0 352
ciMethod java/util/HashMap <init> (I)V 553 1 7969 0 192
ciMethod java/util/HashMap <init> ()V 409 1 35948 0 32
ciMethod java/util/HashMap get (Ljava/lang/Object;)Ljava/lang/Object; 33073 1 38805 0 672
ciMethod java/util/HashMap getNode (ILjava/lang/Object;)Ljava/util/HashMap$Node; 16385 401 20890 0 480
ciMethod java/util/HashMap put (Ljava/lang/Object;Ljava/lang/Object;)Ljava/lang/Object; 2065 1 25137 0 1600
ciMethod java/util/HashMap putVal (ILjava/lang/Object;Ljava/lang/Object;ZZ)Ljava/lang/Object; 2049 177 25898 0 -1
ciMethod java/lang/Math max (II)I 473 1 110233 0 -1
ciMethod java/lang/Math min (II)I 3089 1 119062 0 -1
ciMethod java/lang/Math min (FF)F 2065 1 1773 0 0
ciMethod java/io/OutputStream <init> ()V 2113 1 2929 0 0
ciMethod java/util/Arrays copyOf ([BI)[B 2073 1 20156 0 -1
ciMethod java/util/Arrays copyOf ([CI)[C 1081 1 48682 0 0
ciMethod java/util/Arrays copyOfRange ([CII)[C 2233 1 5451 0 512
ciMethod java/io/PrintStream println